{"/home/travis/build/npmtest/node-npmtest-homebridge-server/test.js":{"path":"/home/travis/build/npmtest/node-npmtest-homebridge-server/test.js","s":{"1":2,"2":2,"3":2,"4":2,"5":2,"6":2,"7":2,"8":1,"9":2,"10":2,"11":1,"12":1,"13":1,"14":1,"15":2,"16":2,"17":2,"18":2,"19":1,"20":1,"21":2,"22":2,"23":2,"24":1,"25":1,"26":1,"27":1,"28":1,"29":1,"30":1,"31":1,"32":1,"33":1,"34":1,"35":1,"36":1,"37":1,"38":1,"39":2,"40":2,"41":1,"42":2,"43":2,"44":1,"45":2,"46":2,"47":1,"48":2,"49":2,"50":1,"51":1,"52":1,"53":1,"54":1},"b":{"1":[2,1,1,1],"2":[1,1,1,1],"3":[1,1],"4":[1,1],"5":[1,1],"6":[1,1],"7":[1,1],"8":[1,1],"9":[1,1],"10":[1,1,1],"11":[1,1],"12":[1,1],"13":[1,1],"14":[1,1],"15":[1,1],"16":[1,1],"17":[1,1]},"f":{"1":2,"2":2,"3":2,"4":2,"5":2,"6":1,"7":1,"8":1,"9":2,"10":2,"11":2,"12":2,"13":1},"fnMap":{"1":{"name":"(anonymous_1)","line":12,"loc":{"start":{"line":12,"column":1},"end":{"line":12,"column":13}}},"2":{"name":"(anonymous_2)","line":19,"loc":{"start":{"line":19,"column":5},"end":{"line":19,"column":17}}},"3":{"name":"(anonymous_3)","line":23,"loc":{"start":{"line":23,"column":24},"end":{"line":23,"column":36}}},"4":{"name":"(anonymous_4)","line":61,"loc":{"start":{"line":61,"column":5},"end":{"line":61,"column":17}}},"5":{"name":"(anonymous_5)","line":82,"loc":{"start":{"line":82,"column":5},"end":{"line":82,"column":17}}},"6":{"name":"(anonymous_6)","line":91,"loc":{"start":{"line":91,"column":77},"end":{"line":94,"column":10}}},"7":{"name":"(anonymous_7)","line":112,"loc":{"start":{"line":112,"column":83},"end":{"line":115,"column":10}},"skip":true},"8":{"name":"(anonymous_8)","line":123,"loc":{"start":{"line":123,"column":77},"end":{"line":126,"column":10}},"skip":true},"9":{"name":"(anonymous_9)","line":139,"loc":{"start":{"line":139,"column":12},"end":{"line":139,"column":40}},"skip":true},"10":{"name":"(anonymous_10)","line":147,"loc":{"start":{"line":147,"column":77},"end":{"line":150,"column":10}},"skip":true},"11":{"name":"(anonymous_11)","line":158,"loc":{"start":{"line":158,"column":83},"end":{"line":161,"column":10}},"skip":true},"12":{"name":"(anonymous_12)","line":169,"loc":{"start":{"line":169,"column":79},"end":{"line":172,"column":10}},"skip":true},"13":{"name":"(anonymous_13)","line":180,"loc":{"start":{"line":180,"column":75},"end":{"line":183,"column":10}},"skip":true}},"statementMap":{"1":{"start":{"line":12,"column":0},"end":{"line":195,"column":5}},"2":{"start":{"line":14,"column":4},"end":{"line":14,"column":14}},"3":{"start":{"line":19,"column":4},"end":{"line":56,"column":9}},"4":{"start":{"line":21,"column":8},"end":{"line":21,"column":19}},"5":{"start":{"line":23,"column":8},"end":{"line":35,"column":13}},"6":{"start":{"line":24,"column":12},"end":{"line":34,"column":13}},"7":{"start":{"line":25,"column":16},"end":{"line":28,"column":30}},"8":{"start":{"line":30,"column":16},"end":{"line":33,"column":27}},"9":{"start":{"line":37,"column":8},"end":{"line":39,"column":21}},"10":{"start":{"line":40,"column":8},"end":{"line":53,"column":9}},"11":{"start":{"line":43,"column":12},"end":{"line":46,"column":14}},"12":{"start":{"line":47,"column":12},"end":{"line":47,"column":18}},"13":{"start":{"line":50,"column":12},"end":{"line":51,"column":46}},"14":{"start":{"line":52,"column":12},"end":{"line":52,"column":18}},"15":{"start":{"line":55,"column":8},"end":{"line":55,"column":35}},"16":{"start":{"line":61,"column":4},"end":{"line":63,"column":9}},"17":{"start":{"line":62,"column":8},"end":{"line":62,"column":15}},"18":{"start":{"line":64,"column":4},"end":{"line":77,"column":5}},"19":{"start":{"line":70,"column":8},"end":{"line":70,"column":14}},"20":{"start":{"line":76,"column":8},"end":{"line":76,"column":14}},"21":{"start":{"line":82,"column":4},"end":{"line":84,"column":9}},"22":{"start":{"line":83,"column":8},"end":{"line":83,"column":15}},"23":{"start":{"line":85,"column":4},"end":{"line":194,"column":5}},"24":{"start":{"line":91,"column":8},"end":{"line":99,"column":10}},"25":{"start":{"line":98,"column":12},"end":{"line":98,"column":35}},"26":{"start":{"line":102,"column":8},"end":{"line":104,"column":63}},"27":{"start":{"line":105,"column":8},"end":{"line":105,"column":14}},"28":{"start":{"line":112,"column":8},"end":{"line":121,"column":10},"skip":true},"29":{"start":{"line":119,"column":12},"end":{"line":119,"column":55},"skip":true},"30":{"start":{"line":120,"column":12},"end":{"line":120,"column":48},"skip":true},"31":{"start":{"line":123,"column":8},"end":{"line":136,"column":10},"skip":true},"32":{"start":{"line":130,"column":12},"end":{"line":130,"column":76},"skip":true},"33":{"start":{"line":131,"column":12},"end":{"line":131,"column":73},"skip":true},"34":{"start":{"line":132,"column":12},"end":{"line":132,"column":74},"skip":true},"35":{"start":{"line":133,"column":12},"end":{"line":133,"column":79},"skip":true},"36":{"start":{"line":134,"column":12},"end":{"line":134,"column":25},"skip":true},"37":{"start":{"line":135,"column":12},"end":{"line":135,"column":45},"skip":true},"38":{"start":{"line":138,"column":8},"end":{"line":145,"column":14},"skip":true},"39":{"start":{"line":143,"column":16},"end":{"line":143,"column":29},"skip":true},"40":{"start":{"line":144,"column":16},"end":{"line":144,"column":55},"skip":true},"41":{"start":{"line":147,"column":8},"end":{"line":156,"column":10},"skip":true},"42":{"start":{"line":154,"column":12},"end":{"line":154,"column":25},"skip":true},"43":{"start":{"line":155,"column":12},"end":{"line":155,"column":45},"skip":true},"44":{"start":{"line":158,"column":8},"end":{"line":167,"column":10},"skip":true},"45":{"start":{"line":165,"column":12},"end":{"line":165,"column":25},"skip":true},"46":{"start":{"line":166,"column":12},"end":{"line":166,"column":48},"skip":true},"47":{"start":{"line":169,"column":8},"end":{"line":178,"column":10},"skip":true},"48":{"start":{"line":176,"column":12},"end":{"line":176,"column":25},"skip":true},"49":{"start":{"line":177,"column":12},"end":{"line":177,"column":46},"skip":true},"50":{"start":{"line":180,"column":8},"end":{"line":189,"column":10},"skip":true},"51":{"start":{"line":187,"column":12},"end":{"line":187,"column":94},"skip":true},"52":{"start":{"line":188,"column":12},"end":{"line":188,"column":48},"skip":true},"53":{"start":{"line":192,"column":8},"end":{"line":192,"column":35},"skip":true},"54":{"start":{"line":193,"column":8},"end":{"line":193,"column":14},"skip":true}},"branchMap":{"1":{"line":25,"type":"binary-expr","locations":[{"start":{"line":25,"column":23},"end":{"line":25,"column":62}},{"start":{"line":26,"column":20},"end":{"line":26,"column":70}},{"start":{"line":27,"column":20},"end":{"line":27,"column":71}},{"start":{"line":28,"column":20},"end":{"line":28,"column":29}}]},"2":{"line":30,"type":"binary-expr","locations":[{"start":{"line":30,"column":23},"end":{"line":30,"column":37}},{"start":{"line":31,"column":20},"end":{"line":31,"column":61}},{"start":{"line":32,"column":20},"end":{"line":32,"column":70}},{"start":{"line":33,"column":20},"end":{"line":33,"column":26}}]},"3":{"line":37,"type":"cond-expr","locations":[{"start":{"line":38,"column":14},"end":{"line":38,"column":20}},{"start":{"line":39,"column":14},"end":{"line":39,"column":20}}]},"4":{"line":40,"type":"switch","locations":[{"start":{"line":42,"column":8},"end":{"line":47,"column":18}},{"start":{"line":49,"column":8},"end":{"line":52,"column":18}}]},"5":{"line":44,"type":"binary-expr","locations":[{"start":{"line":44,"column":16},"end":{"line":44,"column":44}},{"start":{"line":44,"column":48},"end":{"line":44,"column":66}}]},"6":{"line":50,"type":"binary-expr","locations":[{"start":{"line":50,"column":21},"end":{"line":50,"column":49}},{"start":{"line":50,"column":53},"end":{"line":50,"column":72}}]},"7":{"line":64,"type":"switch","locations":[{"start":{"line":69,"column":4},"end":{"line":70,"column":14}},{"start":{"line":75,"column":4},"end":{"line":76,"column":14}}]},"8":{"line":85,"type":"switch","locations":[{"start":{"line":90,"column":4},"end":{"line":105,"column":14}},{"start":{"line":111,"column":4},"end":{"line":193,"column":14},"skip":true}]},"9":{"line":91,"type":"binary-expr","locations":[{"start":{"line":91,"column":42},"end":{"line":91,"column":73}},{"start":{"line":91,"column":77},"end":{"line":99,"column":9}}]},"10":{"line":102,"type":"binary-expr","locations":[{"start":{"line":102,"column":18},"end":{"line":102,"column":32}},{"start":{"line":103,"column":12},"end":{"line":103,"column":53}},{"start":{"line":104,"column":12},"end":{"line":104,"column":61}}]},"11":{"line":112,"type":"binary-expr","locations":[{"start":{"line":112,"column":45},"end":{"line":112,"column":79},"skip":true},{"start":{"line":112,"column":83},"end":{"line":121,"column":9},"skip":true}]},"12":{"line":123,"type":"binary-expr","locations":[{"start":{"line":123,"column":42},"end":{"line":123,"column":73},"skip":true},{"start":{"line":123,"column":77},"end":{"line":136,"column":9},"skip":true}]},"13":{"line":138,"type":"binary-expr","locations":[{"start":{"line":138,"column":48},"end":{"line":138,"column":85},"skip":true},{"start":{"line":139,"column":12},"end":{"line":145,"column":13},"skip":true}]},"14":{"line":147,"type":"binary-expr","locations":[{"start":{"line":147,"column":42},"end":{"line":147,"column":73},"skip":true},{"start":{"line":147,"column":77},"end":{"line":156,"column":9},"skip":true}]},"15":{"line":158,"type":"binary-expr","locations":[{"start":{"line":158,"column":45},"end":{"line":158,"column":79},"skip":true},{"start":{"line":158,"column":83},"end":{"line":167,"column":9},"skip":true}]},"16":{"line":169,"type":"binary-expr","locations":[{"start":{"line":169,"column":43},"end":{"line":169,"column":75},"skip":true},{"start":{"line":169,"column":79},"end":{"line":178,"column":9},"skip":true}]},"17":{"line":180,"type":"binary-expr","locations":[{"start":{"line":180,"column":41},"end":{"line":180,"column":71},"skip":true},{"start":{"line":180,"column":75},"end":{"line":189,"column":9},"skip":true}]}},"code":["/* istanbul instrument in package npmtest_homebridge_server */","/*jslint","    bitwise: true,","    browser: true,","    maxerr: 8,","    maxlen: 96,","    node: true,","    nomen: true,","    regexp: true,","    stupid: true","*/","(function () {","    'use strict';","    var local;","","","","    // run shared js-env code - pre-init","    (function () {","        // init local","        local = {};","        // init modeJs","        local.modeJs = (function () {","            try {","                return typeof navigator.userAgent === 'string' &&","                    typeof document.querySelector('body') === 'object' &&","                    typeof XMLHttpRequest.prototype.open === 'function' &&","                    'browser';","            } catch (errorCaughtBrowser) {","                return module.exports &&","                    typeof process.versions.node === 'string' &&","                    typeof require('http').createServer === 'function' &&","                    'node';","            }","        }());","        // init global","        local.global = local.modeJs === 'browser'","            ? window","            : global;","        switch (local.modeJs) {","        // re-init local from window.local","        case 'browser':","            local = local.global.utility2.objectSetDefault(","                local.global.utility2_rollup || local.global.local,","                local.global.utility2","            );","            break;","        // re-init local from example.js","        case 'node':","            local = (local.global.utility2_rollup || require('utility2'))","                .requireExampleJsFromReadme();","            break;","        }","        // export local","        local.global.local = local;","    }());","","","","    // run shared js-env code - function","    (function () {","        return;","    }());","    switch (local.modeJs) {","","","","    // run browser js-env code - function","    case 'browser':","        break;","","","","    // run node js-env code - function","    case 'node':","        break;","    }","","","","    // run shared js-env code - post-init","    (function () {","        return;","    }());","    switch (local.modeJs) {","","","","    // run browser js-env code - post-init","    case 'browser':","        local.testCase_browser_nullCase = local.testCase_browser_nullCase || function (","            options,","            onError","        ) {","        /*","         * this function will test browsers's null-case handling-behavior-behavior","         */","            onError(null, options);","        };","","        // run tests","        local.nop(local.modeTest &&","            document.querySelector('#testRunButton1') &&","            document.querySelector('#testRunButton1').click());","        break;","","","","    // run node js-env code - post-init","    /* istanbul ignore next */","    case 'node':","        local.testCase_buildApidoc_default = local.testCase_buildApidoc_default || function (","            options,","            onError","        ) {","        /*","         * this function will test buildApidoc's default handling-behavior-behavior","         */","            options = { modulePathList: module.paths };","            local.buildApidoc(options, onError);","        };","","        local.testCase_buildApp_default = local.testCase_buildApp_default || function (","            options,","            onError","        ) {","        /*","         * this function will test buildApp's default handling-behavior-behavior","         */","            local.testCase_buildReadme_default(options, local.onErrorThrow);","            local.testCase_buildLib_default(options, local.onErrorThrow);","            local.testCase_buildTest_default(options, local.onErrorThrow);","            local.testCase_buildCustomOrg_default(options, local.onErrorThrow);","            options = [];","            local.buildApp(options, onError);","        };","","        local.testCase_buildCustomOrg_default = local.testCase_buildCustomOrg_default ||","            function (options, onError) {","            /*","             * this function will test buildCustomOrg's default handling-behavior","             */","                options = {};","                local.buildCustomOrg(options, onError);","            };","","        local.testCase_buildLib_default = local.testCase_buildLib_default || function (","            options,","            onError","        ) {","        /*","         * this function will test buildLib's default handling-behavior","         */","            options = {};","            local.buildLib(options, onError);","        };","","        local.testCase_buildReadme_default = local.testCase_buildReadme_default || function (","            options,","            onError","        ) {","        /*","         * this function will test buildReadme's default handling-behavior-behavior","         */","            options = {};","            local.buildReadme(options, onError);","        };","","        local.testCase_buildTest_default = local.testCase_buildTest_default || function (","            options,","            onError","        ) {","        /*","         * this function will test buildTest's default handling-behavior","         */","            options = {};","            local.buildTest(options, onError);","        };","","        local.testCase_webpage_default = local.testCase_webpage_default || function (","            options,","            onError","        ) {","        /*","         * this function will test webpage's default handling-behavior","         */","            options = { modeCoverageMerge: true, url: local.serverLocalHost + '?modeTest=1' };","            local.browserTest(options, onError);","        };","","        // run test-server","        local.testRunServer(local);","        break;","    }","}());",""],"l":{"12":2,"14":2,"19":2,"21":2,"23":2,"24":2,"25":2,"30":1,"37":2,"40":2,"43":1,"47":1,"50":1,"52":1,"55":2,"61":2,"62":2,"64":2,"70":1,"76":1,"82":2,"83":2,"85":2,"91":1,"98":1,"102":1,"105":1,"112":1,"119":1,"120":1,"123":1,"130":1,"131":1,"132":1,"133":1,"134":1,"135":1,"138":1,"143":2,"144":2,"147":1,"154":2,"155":2,"158":1,"165":2,"166":2,"169":1,"176":2,"177":2,"180":1,"187":1,"188":1,"192":1,"193":1}},"/home/travis/build/npmtest/node-npmtest-homebridge-server/lib.npmtest_homebridge_server.js":{"path":"/home/travis/build/npmtest/node-npmtest-homebridge-server/lib.npmtest_homebridge_server.js","s":{"1":2,"2":2,"3":2,"4":2,"5":2,"6":2,"7":2,"8":1,"9":2,"10":2,"11":2,"12":2,"13":1,"14":1,"15":1,"16":1},"b":{"1":[2,1,1,1],"2":[1,1,1,1],"3":[1,1],"4":[2,2],"5":[1,1]},"f":{"1":2,"2":2,"3":2},"fnMap":{"1":{"name":"(anonymous_1)","line":12,"loc":{"start":{"line":12,"column":1},"end":{"line":12,"column":13}}},"2":{"name":"(anonymous_2)","line":19,"loc":{"start":{"line":19,"column":5},"end":{"line":19,"column":17}}},"3":{"name":"(anonymous_3)","line":23,"loc":{"start":{"line":23,"column":24},"end":{"line":23,"column":36}}}},"statementMap":{"1":{"start":{"line":12,"column":0},"end":{"line":53,"column":5}},"2":{"start":{"line":14,"column":4},"end":{"line":14,"column":14}},"3":{"start":{"line":19,"column":4},"end":{"line":52,"column":9}},"4":{"start":{"line":21,"column":8},"end":{"line":21,"column":19}},"5":{"start":{"line":23,"column":8},"end":{"line":35,"column":13}},"6":{"start":{"line":24,"column":12},"end":{"line":34,"column":13}},"7":{"start":{"line":25,"column":16},"end":{"line":28,"column":30}},"8":{"start":{"line":30,"column":16},"end":{"line":33,"column":27}},"9":{"start":{"line":37,"column":8},"end":{"line":39,"column":21}},"10":{"start":{"line":41,"column":8},"end":{"line":41,"column":54}},"11":{"start":{"line":43,"column":8},"end":{"line":43,"column":62}},"12":{"start":{"line":45,"column":8},"end":{"line":51,"column":9}},"13":{"start":{"line":46,"column":12},"end":{"line":46,"column":68}},"14":{"start":{"line":48,"column":12},"end":{"line":48,"column":35}},"15":{"start":{"line":49,"column":12},"end":{"line":49,"column":49}},"16":{"start":{"line":50,"column":12},"end":{"line":50,"column":43}}},"branchMap":{"1":{"line":25,"type":"binary-expr","locations":[{"start":{"line":25,"column":23},"end":{"line":25,"column":62}},{"start":{"line":26,"column":20},"end":{"line":26,"column":70}},{"start":{"line":27,"column":20},"end":{"line":27,"column":71}},{"start":{"line":28,"column":20},"end":{"line":28,"column":29}}]},"2":{"line":30,"type":"binary-expr","locations":[{"start":{"line":30,"column":23},"end":{"line":30,"column":37}},{"start":{"line":31,"column":20},"end":{"line":31,"column":61}},{"start":{"line":32,"column":20},"end":{"line":32,"column":70}},{"start":{"line":33,"column":20},"end":{"line":33,"column":26}}]},"3":{"line":37,"type":"cond-expr","locations":[{"start":{"line":38,"column":14},"end":{"line":38,"column":20}},{"start":{"line":39,"column":14},"end":{"line":39,"column":20}}]},"4":{"line":41,"type":"binary-expr","locations":[{"start":{"line":41,"column":16},"end":{"line":41,"column":44}},{"start":{"line":41,"column":48},"end":{"line":41,"column":53}}]},"5":{"line":45,"type":"if","locations":[{"start":{"line":45,"column":8},"end":{"line":45,"column":8}},{"start":{"line":45,"column":8},"end":{"line":45,"column":8}}]}},"code":["/* istanbul instrument in package npmtest_homebridge_server */","/*jslint","    bitwise: true,","    browser: true,","    maxerr: 8,","    maxlen: 96,","    node: true,","    nomen: true,","    regexp: true,","    stupid: true","*/","(function () {","    'use strict';","    var local;","","","","    // run shared js-env code - pre-init","    (function () {","        // init local","        local = {};","        // init modeJs","        local.modeJs = (function () {","            try {","                return typeof navigator.userAgent === 'string' &&","                    typeof document.querySelector('body') === 'object' &&","                    typeof XMLHttpRequest.prototype.open === 'function' &&","                    'browser';","            } catch (errorCaughtBrowser) {","                return module.exports &&","                    typeof process.versions.node === 'string' &&","                    typeof require('http').createServer === 'function' &&","                    'node';","            }","        }());","        // init global","        local.global = local.modeJs === 'browser'","            ? window","            : global;","        // init utility2_rollup","        local = local.global.utility2_rollup || local;","        // init lib","        local.local = local.npmtest_homebridge_server = local;","        // init exports","        if (local.modeJs === 'browser') {","            local.global.utility2_npmtest_homebridge_server = local;","        } else {","            module.exports = local;","            module.exports.__dirname = __dirname;","            module.exports.module = module;","        }","    }());","}());",""],"l":{"12":2,"14":2,"19":2,"21":2,"23":2,"24":2,"25":2,"30":1,"37":2,"41":2,"43":2,"45":2,"46":1,"48":1,"49":1,"50":1}},"/home/travis/build/npmtest/node-npmtest-homebridge-server/example.js":{"path":"/home/travis/build/npmtest/node-npmtest-homebridge-server/example.js","s":{"1":2,"2":2,"3":2,"4":2,"5":2,"6":2,"7":2,"8":1,"9":2,"10":2,"11":2,"12":2,"13":1,"14":2,"15":2,"16":2,"17":2,"18":2,"19":0,"20":2,"21":1,"22":1,"23":1,"24":1,"25":1,"26":0,"27":0,"28":1,"29":1,"30":2,"31":0,"32":0,"33":0,"34":1,"35":2,"36":2,"37":3,"38":3,"39":3,"40":3,"41":0,"42":3,"43":3,"44":3,"45":1,"46":3,"47":1,"48":1,"49":1,"50":1,"51":1,"52":1,"53":1,"54":1,"55":1,"56":1,"57":0,"58":1,"59":6,"60":6,"61":1,"62":2,"63":0,"64":2,"65":1,"66":1,"67":0,"68":0,"69":0,"70":0,"71":0,"72":0,"73":0,"74":0,"75":0,"76":0,"77":0,"78":0,"79":0,"80":0,"81":0,"82":0,"83":0},"b":{"1":[2,1,1,1],"2":[1,1,1,1],"3":[1,1],"4":[2,2],"5":[1,1],"6":[1,1],"7":[2,0],"8":[2,1,1,1,1,1],"9":[0,2,0],"10":[1,1],"11":[2,1,1],"12":[1,0],"13":[0,2],"14":[2,0,0,0,0,0,0],"15":[0,3],"16":[3,0],"17":[1,1],"18":[0,1],"19":[1,2,0,2],"20":[1,0],"21":[1,1],"22":[0,0],"23":[0,0],"24":[0,0],"25":[0,0],"26":[0,0],"27":[0,0],"28":[0,0]},"f":{"1":2,"2":2,"3":2,"4":2,"5":2,"6":2,"7":3,"8":3,"9":3,"10":1,"11":6,"12":0},"fnMap":{"1":{"name":"(anonymous_1)","line":26,"loc":{"start":{"line":26,"column":1},"end":{"line":26,"column":13}}},"2":{"name":"(anonymous_2)","line":33,"loc":{"start":{"line":33,"column":5},"end":{"line":33,"column":17}}},"3":{"name":"(anonymous_3)","line":37,"loc":{"start":{"line":37,"column":24},"end":{"line":37,"column":36}}},"4":{"name":"(anonymous_4)","line":69,"loc":{"start":{"line":69,"column":31},"end":{"line":69,"column":48}},"skip":true},"5":{"name":"(anonymous_5)","line":78,"loc":{"start":{"line":78,"column":26},"end":{"line":78,"column":45}},"skip":true},"6":{"name":"(anonymous_6)","line":123,"loc":{"start":{"line":123,"column":33},"end":{"line":123,"column":48}},"skip":true},"7":{"name":"(anonymous_7)","line":125,"loc":{"start":{"line":125,"column":27},"end":{"line":125,"column":39}},"skip":true},"8":{"name":"(anonymous_8)","line":133,"loc":{"start":{"line":133,"column":59},"end":{"line":133,"column":74}},"skip":true},"9":{"name":"(anonymous_9)","line":143,"loc":{"start":{"line":143,"column":45},"end":{"line":143,"column":62}},"skip":true},"10":{"name":"(anonymous_10)","line":144,"loc":{"start":{"line":144,"column":73},"end":{"line":144,"column":92}},"skip":true},"11":{"name":"(anonymous_11)","line":272,"loc":{"start":{"line":272,"column":51},"end":{"line":272,"column":77}},"skip":true},"12":{"name":"(anonymous_12)","line":315,"loc":{"start":{"line":315,"column":32},"end":{"line":315,"column":61}},"skip":true}},"statementMap":{"1":{"start":{"line":26,"column":0},"end":{"line":326,"column":5}},"2":{"start":{"line":28,"column":4},"end":{"line":28,"column":14}},"3":{"start":{"line":33,"column":4},"end":{"line":60,"column":9}},"4":{"start":{"line":35,"column":8},"end":{"line":35,"column":19}},"5":{"start":{"line":37,"column":8},"end":{"line":49,"column":13}},"6":{"start":{"line":38,"column":12},"end":{"line":48,"column":13}},"7":{"start":{"line":39,"column":16},"end":{"line":42,"column":30}},"8":{"start":{"line":44,"column":16},"end":{"line":47,"column":27}},"9":{"start":{"line":51,"column":8},"end":{"line":53,"column":21}},"10":{"start":{"line":55,"column":8},"end":{"line":57,"column":45}},"11":{"start":{"line":59,"column":8},"end":{"line":59,"column":35}},"12":{"start":{"line":61,"column":4},"end":{"line":325,"column":5}},"13":{"start":{"line":69,"column":8},"end":{"line":121,"column":10},"skip":true},"14":{"start":{"line":70,"column":12},"end":{"line":88,"column":13},"skip":true},"15":{"start":{"line":76,"column":16},"end":{"line":87,"column":19},"skip":true},"16":{"start":{"line":79,"column":20},"end":{"line":86,"column":21},"skip":true},"17":{"start":{"line":82,"column":24},"end":{"line":82,"column":43},"skip":true},"18":{"start":{"line":83,"column":24},"end":{"line":83,"column":30},"skip":true},"19":{"start":{"line":85,"column":24},"end":{"line":85,"column":49},"skip":true},"20":{"start":{"line":89,"column":12},"end":{"line":107,"column":13},"skip":true},"21":{"start":{"line":92,"column":16},"end":{"line":102,"column":17},"skip":true},"22":{"start":{"line":93,"column":20},"end":{"line":93,"column":86},"skip":true},"23":{"start":{"line":94,"column":20},"end":{"line":95,"column":45},"skip":true},"24":{"start":{"line":96,"column":20},"end":{"line":96,"column":42},"skip":true},"25":{"start":{"line":97,"column":20},"end":{"line":97,"column":48},"skip":true},"26":{"start":{"line":100,"column":20},"end":{"line":100,"column":85},"skip":true},"27":{"start":{"line":101,"column":20},"end":{"line":101,"column":96},"skip":true},"28":{"start":{"line":103,"column":16},"end":{"line":103,"column":22},"skip":true},"29":{"start":{"line":106,"column":16},"end":{"line":106,"column":22},"skip":true},"30":{"start":{"line":108,"column":12},"end":{"line":120,"column":13},"skip":true},"31":{"start":{"line":114,"column":16},"end":{"line":119,"column":17},"skip":true},"32":{"start":{"line":116,"column":20},"end":{"line":116,"column":78},"skip":true},"33":{"start":{"line":118,"column":20},"end":{"line":118,"column":47},"skip":true},"34":{"start":{"line":123,"column":8},"end":{"line":141,"column":11},"skip":true},"35":{"start":{"line":124,"column":12},"end":{"line":124,"column":54},"skip":true},"36":{"start":{"line":125,"column":12},"end":{"line":140,"column":14},"skip":true},"37":{"start":{"line":126,"column":16},"end":{"line":126,"column":28},"skip":true},"38":{"start":{"line":127,"column":16},"end":{"line":127,"column":69},"skip":true},"39":{"start":{"line":128,"column":16},"end":{"line":128,"column":75},"skip":true},"40":{"start":{"line":129,"column":16},"end":{"line":131,"column":17},"skip":true},"41":{"start":{"line":130,"column":20},"end":{"line":130,"column":27},"skip":true},"42":{"start":{"line":133,"column":16},"end":{"line":137,"column":36},"skip":true},"43":{"start":{"line":134,"column":20},"end":{"line":136,"column":55},"skip":true},"44":{"start":{"line":139,"column":16},"end":{"line":139,"column":57},"skip":true},"45":{"start":{"line":143,"column":8},"end":{"line":147,"column":11},"skip":true},"46":{"start":{"line":144,"column":12},"end":{"line":146,"column":15},"skip":true},"47":{"start":{"line":145,"column":16},"end":{"line":145,"column":70},"skip":true},"48":{"start":{"line":149,"column":8},"end":{"line":149,"column":31},"skip":true},"49":{"start":{"line":150,"column":8},"end":{"line":150,"column":14},"skip":true},"50":{"start":{"line":158,"column":8},"end":{"line":158,"column":31},"skip":true},"51":{"start":{"line":160,"column":8},"end":{"line":160,"column":33},"skip":true},"52":{"start":{"line":161,"column":8},"end":{"line":161,"column":37},"skip":true},"53":{"start":{"line":162,"column":8},"end":{"line":162,"column":35},"skip":true},"54":{"start":{"line":164,"column":8},"end":{"line":164,"column":50},"skip":true},"55":{"start":{"line":166,"column":8},"end":{"line":256,"column":2},"skip":true},"56":{"start":{"line":258,"column":8},"end":{"line":286,"column":9},"skip":true},"57":{"start":{"line":259,"column":12},"end":{"line":269,"column":14},"skip":true},"58":{"start":{"line":271,"column":12},"end":{"line":285,"column":19},"skip":true},"59":{"start":{"line":274,"column":20},"end":{"line":274,"column":35},"skip":true},"60":{"start":{"line":275,"column":20},"end":{"line":284,"column":21},"skip":true},"61":{"start":{"line":277,"column":24},"end":{"line":277,"column":64},"skip":true},"62":{"start":{"line":279,"column":24},"end":{"line":279,"column":40},"skip":true},"63":{"start":{"line":281,"column":24},"end":{"line":281,"column":40},"skip":true},"64":{"start":{"line":283,"column":24},"end":{"line":283,"column":39},"skip":true},"65":{"start":{"line":288,"column":8},"end":{"line":290,"column":9},"skip":true},"66":{"start":{"line":289,"column":12},"end":{"line":289,"column":18},"skip":true},"67":{"start":{"line":291,"column":8},"end":{"line":293,"column":54},"skip":true},"68":{"start":{"line":296,"column":8},"end":{"line":301,"column":37},"skip":true},"69":{"start":{"line":303,"column":8},"end":{"line":303,"column":82},"skip":true},"70":{"start":{"line":306,"column":8},"end":{"line":308,"column":9},"skip":true},"71":{"start":{"line":307,"column":12},"end":{"line":307,"column":82},"skip":true},"72":{"start":{"line":310,"column":8},"end":{"line":312,"column":9},"skip":true},"73":{"start":{"line":311,"column":12},"end":{"line":311,"column":18},"skip":true},"74":{"start":{"line":313,"column":8},"end":{"line":313,"column":54},"skip":true},"75":{"start":{"line":314,"column":8},"end":{"line":314,"column":69},"skip":true},"76":{"start":{"line":315,"column":8},"end":{"line":323,"column":36},"skip":true},"77":{"start":{"line":316,"column":12},"end":{"line":316,"column":61},"skip":true},"78":{"start":{"line":317,"column":12},"end":{"line":320,"column":13},"skip":true},"79":{"start":{"line":318,"column":16},"end":{"line":318,"column":75},"skip":true},"80":{"start":{"line":319,"column":16},"end":{"line":319,"column":23},"skip":true},"81":{"start":{"line":321,"column":12},"end":{"line":321,"column":38},"skip":true},"82":{"start":{"line":322,"column":12},"end":{"line":322,"column":27},"skip":true},"83":{"start":{"line":324,"column":8},"end":{"line":324,"column":14},"skip":true}},"branchMap":{"1":{"line":39,"type":"binary-expr","locations":[{"start":{"line":39,"column":23},"end":{"line":39,"column":62}},{"start":{"line":40,"column":20},"end":{"line":40,"column":70}},{"start":{"line":41,"column":20},"end":{"line":41,"column":71}},{"start":{"line":42,"column":20},"end":{"line":42,"column":29}}]},"2":{"line":44,"type":"binary-expr","locations":[{"start":{"line":44,"column":23},"end":{"line":44,"column":37}},{"start":{"line":45,"column":20},"end":{"line":45,"column":61}},{"start":{"line":46,"column":20},"end":{"line":46,"column":70}},{"start":{"line":47,"column":20},"end":{"line":47,"column":26}}]},"3":{"line":51,"type":"cond-expr","locations":[{"start":{"line":52,"column":14},"end":{"line":52,"column":20}},{"start":{"line":53,"column":14},"end":{"line":53,"column":20}}]},"4":{"line":55,"type":"binary-expr","locations":[{"start":{"line":55,"column":16},"end":{"line":55,"column":44}},{"start":{"line":55,"column":49},"end":{"line":57,"column":43}}]},"5":{"line":55,"type":"cond-expr","locations":[{"start":{"line":56,"column":14},"end":{"line":56,"column":61}},{"start":{"line":57,"column":14},"end":{"line":57,"column":43}}]},"6":{"line":61,"type":"switch","locations":[{"start":{"line":68,"column":4},"end":{"line":150,"column":14},"skip":true},{"start":{"line":156,"column":4},"end":{"line":324,"column":14},"skip":true}]},"7":{"line":70,"type":"if","locations":[{"start":{"line":70,"column":12},"end":{"line":70,"column":12},"skip":true},{"start":{"line":70,"column":12},"end":{"line":70,"column":12},"skip":true}]},"8":{"line":70,"type":"binary-expr","locations":[{"start":{"line":70,"column":16},"end":{"line":70,"column":22},"skip":true},{"start":{"line":70,"column":27},"end":{"line":70,"column":32},"skip":true},{"start":{"line":71,"column":20},"end":{"line":71,"column":39},"skip":true},{"start":{"line":72,"column":20},"end":{"line":72,"column":49},"skip":true},{"start":{"line":73,"column":20},"end":{"line":73,"column":58},"skip":true},{"start":{"line":74,"column":20},"end":{"line":74,"column":69},"skip":true}]},"9":{"line":79,"type":"switch","locations":[{"start":{"line":80,"column":20},"end":{"line":80,"column":33},"skip":true},{"start":{"line":81,"column":20},"end":{"line":83,"column":30},"skip":true},{"start":{"line":84,"column":20},"end":{"line":85,"column":49},"skip":true}]},"10":{"line":89,"type":"switch","locations":[{"start":{"line":90,"column":12},"end":{"line":103,"column":22},"skip":true},{"start":{"line":105,"column":12},"end":{"line":106,"column":22},"skip":true}]},"11":{"line":89,"type":"binary-expr","locations":[{"start":{"line":89,"column":20},"end":{"line":89,"column":25},"skip":true},{"start":{"line":89,"column":29},"end":{"line":89,"column":48},"skip":true},{"start":{"line":89,"column":52},"end":{"line":89,"column":74},"skip":true}]},"12":{"line":92,"type":"if","locations":[{"start":{"line":92,"column":16},"end":{"line":92,"column":16},"skip":true},{"start":{"line":92,"column":16},"end":{"line":92,"column":16},"skip":true}]},"13":{"line":108,"type":"if","locations":[{"start":{"line":108,"column":12},"end":{"line":108,"column":12},"skip":true},{"start":{"line":108,"column":12},"end":{"line":108,"column":12},"skip":true}]},"14":{"line":108,"type":"binary-expr","locations":[{"start":{"line":108,"column":16},"end":{"line":108,"column":61},"skip":true},{"start":{"line":108,"column":66},"end":{"line":108,"column":72},"skip":true},{"start":{"line":108,"column":77},"end":{"line":108,"column":82},"skip":true},{"start":{"line":109,"column":20},"end":{"line":109,"column":39},"skip":true},{"start":{"line":110,"column":20},"end":{"line":110,"column":49},"skip":true},{"start":{"line":111,"column":20},"end":{"line":111,"column":58},"skip":true},{"start":{"line":112,"column":20},"end":{"line":112,"column":68},"skip":true}]},"15":{"line":129,"type":"if","locations":[{"start":{"line":129,"column":16},"end":{"line":129,"column":16},"skip":true},{"start":{"line":129,"column":16},"end":{"line":129,"column":16},"skip":true}]},"16":{"line":134,"type":"cond-expr","locations":[{"start":{"line":135,"column":26},"end":{"line":135,"column":29},"skip":true},{"start":{"line":136,"column":26},"end":{"line":136,"column":54},"skip":true}]},"17":{"line":164,"type":"binary-expr","locations":[{"start":{"line":164,"column":27},"end":{"line":164,"column":43},"skip":true},{"start":{"line":164,"column":47},"end":{"line":164,"column":49},"skip":true}]},"18":{"line":258,"type":"if","locations":[{"start":{"line":258,"column":8},"end":{"line":258,"column":8},"skip":true},{"start":{"line":258,"column":8},"end":{"line":258,"column":8},"skip":true}]},"19":{"line":275,"type":"switch","locations":[{"start":{"line":276,"column":20},"end":{"line":277,"column":64},"skip":true},{"start":{"line":278,"column":20},"end":{"line":279,"column":40},"skip":true},{"start":{"line":280,"column":20},"end":{"line":281,"column":40},"skip":true},{"start":{"line":282,"column":20},"end":{"line":283,"column":39},"skip":true}]},"20":{"line":288,"type":"if","locations":[{"start":{"line":288,"column":8},"end":{"line":288,"column":8},"skip":true},{"start":{"line":288,"column":8},"end":{"line":288,"column":8},"skip":true}]},"21":{"line":288,"type":"binary-expr","locations":[{"start":{"line":288,"column":12},"end":{"line":288,"column":40},"skip":true},{"start":{"line":288,"column":44},"end":{"line":288,"column":67},"skip":true}]},"22":{"line":292,"type":"binary-expr","locations":[{"start":{"line":292,"column":12},"end":{"line":292,"column":50},"skip":true},{"start":{"line":293,"column":12},"end":{"line":293,"column":53},"skip":true}]},"23":{"line":297,"type":"binary-expr","locations":[{"start":{"line":297,"column":12},"end":{"line":297,"column":75},"skip":true},{"start":{"line":298,"column":12},"end":{"line":301,"column":36},"skip":true}]},"24":{"line":303,"type":"binary-expr","locations":[{"start":{"line":303,"column":43},"end":{"line":303,"column":75},"skip":true},{"start":{"line":303,"column":79},"end":{"line":303,"column":81},"skip":true}]},"25":{"line":306,"type":"if","locations":[{"start":{"line":306,"column":8},"end":{"line":306,"column":8},"skip":true},{"start":{"line":306,"column":8},"end":{"line":306,"column":8},"skip":true}]},"26":{"line":310,"type":"if","locations":[{"start":{"line":310,"column":8},"end":{"line":310,"column":8},"skip":true},{"start":{"line":310,"column":8},"end":{"line":310,"column":8},"skip":true}]},"27":{"line":313,"type":"binary-expr","locations":[{"start":{"line":313,"column":27},"end":{"line":313,"column":43},"skip":true},{"start":{"line":313,"column":47},"end":{"line":313,"column":53},"skip":true}]},"28":{"line":317,"type":"if","locations":[{"start":{"line":317,"column":12},"end":{"line":317,"column":12},"skip":true},{"start":{"line":317,"column":12},"end":{"line":317,"column":12},"skip":true}]}},"code":["/*","example.js","","quickstart example","","instruction","    1. save this script as example.js","    2. run the shell command:","        $ npm install npmtest-homebridge-server && PORT=8081 node example.js","    3. play with the browser-demo on http://127.0.0.1:8081","*/","","","","/* istanbul instrument in package npmtest_homebridge_server */","/*jslint","    bitwise: true,","    browser: true,","    maxerr: 8,","    maxlen: 96,","    node: true,","    nomen: true,","    regexp: true,","    stupid: true","*/","(function () {","    'use strict';","    var local;","","","","    // run shared js-env code - pre-init","    (function () {","        // init local","        local = {};","        // init modeJs","        local.modeJs = (function () {","            try {","                return typeof navigator.userAgent === 'string' &&","                    typeof document.querySelector('body') === 'object' &&","                    typeof XMLHttpRequest.prototype.open === 'function' &&","                    'browser';","            } catch (errorCaughtBrowser) {","                return module.exports &&","                    typeof process.versions.node === 'string' &&","                    typeof require('http').createServer === 'function' &&","                    'node';","            }","        }());","        // init global","        local.global = local.modeJs === 'browser'","            ? window","            : global;","        // init utility2_rollup","        local = local.global.utility2_rollup || (local.modeJs === 'browser'","            ? local.global.utility2_npmtest_homebridge_server","            : global.utility2_moduleExports);","        // export local","        local.global.local = local;","    }());","    switch (local.modeJs) {","","","","    // post-init","    // run browser js-env code - post-init","    /* istanbul ignore next */","    case 'browser':","        local.testRunBrowser = function (event) {","            if (!event || (event &&","                    event.currentTarget &&","                    event.currentTarget.className &&","                    event.currentTarget.className.includes &&","                    event.currentTarget.className.includes('onreset'))) {","                // reset output","                Array.from(","                    document.querySelectorAll('body > .resettable')","                ).forEach(function (element) {","                    switch (element.tagName) {","                    case 'INPUT':","                    case 'TEXTAREA':","                        element.value = '';","                        break;","                    default:","                        element.textContent = '';","                    }","                });","            }","            switch (event && event.currentTarget && event.currentTarget.id) {","            case 'testRunButton1':","                // show tests","                if (document.querySelector('#testReportDiv1').style.display === 'none') {","                    document.querySelector('#testReportDiv1').style.display = 'block';","                    document.querySelector('#testRunButton1').textContent =","                        'hide internal test';","                    local.modeTest = true;","                    local.testRunDefault(local);","                // hide tests","                } else {","                    document.querySelector('#testReportDiv1').style.display = 'none';","                    document.querySelector('#testRunButton1').textContent = 'run internal test';","                }","                break;","            // custom-case","            default:","                break;","            }","            if (document.querySelector('#inputTextareaEval1') && (!event || (event &&","                    event.currentTarget &&","                    event.currentTarget.className &&","                    event.currentTarget.className.includes &&","                    event.currentTarget.className.includes('oneval')))) {","                // try to eval input-code","                try {","                    /*jslint evil: true*/","                    eval(document.querySelector('#inputTextareaEval1').value);","                } catch (errorCaught) {","                    console.error(errorCaught);","                }","            }","        };","        // log stderr and stdout to #outputTextareaStdout1","        ['error', 'log'].forEach(function (key) {","            console[key + '_original'] = console[key];","            console[key] = function () {","                var element;","                console[key + '_original'].apply(console, arguments);","                element = document.querySelector('#outputTextareaStdout1');","                if (!element) {","                    return;","                }","                // append text to #outputTextareaStdout1","                element.value += Array.from(arguments).map(function (arg) {","                    return typeof arg === 'string'","                        ? arg","                        : JSON.stringify(arg, null, 4);","                }).join(' ') + '\\n';","                // scroll textarea to bottom","                element.scrollTop = element.scrollHeight;","            };","        });","        // init event-handling","        ['change', 'click', 'keyup'].forEach(function (event) {","            Array.from(document.querySelectorAll('.on' + event)).forEach(function (element) {","                element.addEventListener(event, local.testRunBrowser);","            });","        });","        // run tests","        local.testRunBrowser();","        break;","","","","    // run node js-env code - post-init","    /* istanbul ignore next */","    case 'node':","        // export local","        module.exports = local;","        // require modules","        local.fs = require('fs');","        local.http = require('http');","        local.url = require('url');","        // init assets","        local.assetsDict = local.assetsDict || {};","        /* jslint-ignore-begin */","        local.assetsDict['/assets.index.template.html'] = '\\","<!doctype html>\\n\\","<html lang=\"en\">\\n\\","<head>\\n\\","<meta charset=\"UTF-8\">\\n\\","<meta name=\"viewport\" content=\"width=device-width, initial-scale=1\">\\n\\","<title>{{env.npm_package_name}} (v{{env.npm_package_version}})</title>\\n\\","<style>\\n\\","/*csslint\\n\\","    box-sizing: false,\\n\\","    universal-selector: false\\n\\","*/\\n\\","* {\\n\\","    box-sizing: border-box;\\n\\","}\\n\\","body {\\n\\","    background: #dde;\\n\\","    font-family: Arial, Helvetica, sans-serif;\\n\\","    margin: 2rem;\\n\\","}\\n\\","body > * {\\n\\","    margin-bottom: 1rem;\\n\\","}\\n\\",".utility2FooterDiv {\\n\\","    margin-top: 20px;\\n\\","    text-align: center;\\n\\","}\\n\\","</style>\\n\\","<style>\\n\\","/*csslint\\n\\","*/\\n\\","textarea {\\n\\","    font-family: monospace;\\n\\","    height: 10rem;\\n\\","    width: 100%;\\n\\","}\\n\\","textarea[readonly] {\\n\\","    background: #ddd;\\n\\","}\\n\\","</style>\\n\\","</head>\\n\\","<body>\\n\\","<!-- utility2-comment\\n\\","<div id=\"ajaxProgressDiv1\" style=\"background: #d00; height: 2px; left: 0; margin: 0; padding: 0; position: fixed; top: 0; transition: background 0.5s, width 1.5s; width: 25%;\"></div>\\n\\","utility2-comment -->\\n\\","<h1>\\n\\","<!-- utility2-comment\\n\\","    <a\\n\\","        {{#if env.npm_package_homepage}}\\n\\","        href=\"{{env.npm_package_homepage}}\"\\n\\","        {{/if env.npm_package_homepage}}\\n\\","        target=\"_blank\"\\n\\","    >\\n\\","utility2-comment -->\\n\\","        {{env.npm_package_name}} (v{{env.npm_package_version}})\\n\\","<!-- utility2-comment\\n\\","    </a>\\n\\","utility2-comment -->\\n\\","</h1>\\n\\","<h3>{{env.npm_package_description}}</h3>\\n\\","<!-- utility2-comment\\n\\","<h4><a download href=\"assets.app.js\">download standalone app</a></h4>\\n\\","<button class=\"onclick onreset\" id=\"testRunButton1\">run internal test</button><br>\\n\\","<div id=\"testReportDiv1\" style=\"display: none;\"></div>\\n\\","utility2-comment -->\\n\\","\\n\\","\\n\\","\\n\\","<label>stderr and stdout</label>\\n\\","<textarea class=\"resettable\" id=\"outputTextareaStdout1\" readonly></textarea>\\n\\","<!-- utility2-comment\\n\\","{{#if isRollup}}\\n\\","<script src=\"assets.app.js\"></script>\\n\\","{{#unless isRollup}}\\n\\","utility2-comment -->\\n\\","<script src=\"assets.utility2.rollup.js\"></script>\\n\\","<script src=\"jsonp.utility2._stateInit?callback=window.utility2._stateInit\"></script>\\n\\","<script src=\"assets.npmtest_homebridge_server.rollup.js\"></script>\\n\\","<script src=\"assets.example.js\"></script>\\n\\","<script src=\"assets.test.js\"></script>\\n\\","<!-- utility2-comment\\n\\","{{/if isRollup}}\\n\\","utility2-comment -->\\n\\","<div class=\"utility2FooterDiv\">\\n\\","    [ this app was created with\\n\\","    <a href=\"https://github.com/kaizhu256/node-utility2\" target=\"_blank\">utility2</a>\\n\\","    ]\\n\\","</div>\\n\\","</body>\\n\\","</html>\\n\\","';","        /* jslint-ignore-end */","        if (local.templateRender) {","            local.assetsDict['/'] = local.templateRender(","                local.assetsDict['/assets.index.template.html'],","                {","                    env: local.objectSetDefault(local.env, {","                        npm_package_description: 'the greatest app in the world!',","                        npm_package_name: 'my-app',","                        npm_package_nameAlias: 'my_app',","                        npm_package_version: '0.0.1'","                    })","                }","            );","        } else {","            local.assetsDict['/'] = local.assetsDict['/assets.index.template.html']","                .replace((/\\{\\{env\\.(\\w+?)\\}\\}/g), function (match0, match1) {","                    // jslint-hack","                    String(match0);","                    switch (match1) {","                    case 'npm_package_description':","                        return 'the greatest app in the world!';","                    case 'npm_package_name':","                        return 'my-app';","                    case 'npm_package_nameAlias':","                        return 'my_app';","                    case 'npm_package_version':","                        return '0.0.1';","                    }","                });","        }","        // run the cli","        if (local.global.utility2_rollup || module !== require.main) {","            break;","        }","        local.assetsDict['/assets.example.js'] =","            local.assetsDict['/assets.example.js'] ||","            local.fs.readFileSync(__filename, 'utf8');","        // bug-workaround - long $npm_package_buildCustomOrg","        /* jslint-ignore-begin */","        local.assetsDict['/assets.npmtest_homebridge_server.rollup.js'] =","            local.assetsDict['/assets.npmtest_homebridge_server.rollup.js'] ||","            local.fs.readFileSync(","                local.npmtest_homebridge_server.__dirname + '/lib.npmtest_homebridge_server.js',","                'utf8'","            ).replace((/^#!/), '//');","        /* jslint-ignore-end */","        local.assetsDict['/favicon.ico'] = local.assetsDict['/favicon.ico'] || '';","        // if $npm_config_timeout_exit exists,","        // then exit this process after $npm_config_timeout_exit ms","        if (Number(process.env.npm_config_timeout_exit)) {","            setTimeout(process.exit, Number(process.env.npm_config_timeout_exit));","        }","        // start server","        if (local.global.utility2_serverHttp1) {","            break;","        }","        process.env.PORT = process.env.PORT || '8081';","        console.error('server starting on port ' + process.env.PORT);","        local.http.createServer(function (request, response) {","            request.urlParsed = local.url.parse(request.url);","            if (local.assetsDict[request.urlParsed.pathname] !== undefined) {","                response.end(local.assetsDict[request.urlParsed.pathname]);","                return;","            }","            response.statusCode = 404;","            response.end();","        }).listen(process.env.PORT);","        break;","    }","}());",""],"l":{"26":2,"28":2,"33":2,"35":2,"37":2,"38":2,"39":2,"44":1,"51":2,"55":2,"59":2,"61":2,"69":1,"70":2,"76":2,"79":2,"82":2,"83":2,"85":1,"89":2,"92":1,"93":1,"94":1,"96":1,"97":1,"100":1,"101":1,"103":1,"106":1,"108":2,"114":1,"116":1,"118":1,"123":1,"124":2,"125":2,"126":3,"127":3,"128":3,"129":3,"130":1,"133":3,"134":3,"139":3,"143":1,"144":3,"145":1,"149":1,"150":1,"158":1,"160":1,"161":1,"162":1,"164":1,"166":1,"258":1,"259":1,"271":1,"274":6,"275":6,"277":1,"279":2,"281":1,"283":2,"288":1,"289":1,"291":1,"296":1,"303":1,"306":1,"307":1,"310":1,"311":1,"313":1,"314":1,"315":1,"316":1,"317":1,"318":1,"319":1,"321":1,"322":1,"324":1}},"/home/travis/build/npmtest/node-npmtest-homebridge-server/node_modules/homebridge-server/index.js":{"path":"/home/travis/build/npmtest/node-npmtest-homebridge-server/node_modules/homebridge-server/index.js","s":{"1":1,"2":1,"3":0,"4":0,"5":0,"6":0,"7":1,"8":0,"9":0,"10":0,"11":0,"12":0,"13":0,"14":0,"15":0,"16":0,"17":0,"18":0,"19":0,"20":0,"21":0,"22":0,"23":0,"24":0,"25":0,"26":0,"27":0,"28":1,"29":0,"30":0,"31":0,"32":0,"33":1,"34":0,"35":0,"36":0,"37":0,"38":0,"39":0,"40":1,"41":0,"42":0,"43":0,"44":0,"45":0,"46":1,"47":0,"48":0,"49":0,"50":0,"51":0,"52":0,"53":0,"54":0,"55":0,"56":0,"57":0,"58":0,"59":1,"60":0,"61":0,"62":0,"63":1,"64":0,"65":0,"66":0,"67":0,"68":0,"69":0,"70":0,"71":0,"72":0,"73":0,"74":0,"75":0,"76":0,"77":0,"78":0,"79":0,"80":0,"81":0,"82":0,"83":0,"84":0,"85":0,"86":1,"87":0,"88":0,"89":0,"90":0,"91":0,"92":0,"93":0,"94":0,"95":0,"96":0,"97":0,"98":0,"99":0,"100":0,"101":0,"102":0,"103":0,"104":1,"105":0,"106":0,"107":0,"108":0,"109":0,"110":0,"111":0,"112":0,"113":0,"114":0,"115":0,"116":0,"117":0,"118":0,"119":0,"120":0,"121":0,"122":0,"123":0,"124":1,"125":0,"126":0,"127":0,"128":0,"129":0,"130":0,"131":0,"132":0,"133":0,"134":0,"135":0,"136":0,"137":0,"138":0,"139":0,"140":0,"141":0,"142":0,"143":1,"144":0,"145":0,"146":0,"147":1,"148":0,"149":0,"150":0,"151":0,"152":0,"153":0,"154":0,"155":0,"156":0,"157":0,"158":0,"159":0,"160":1,"161":0,"162":0,"163":0,"164":0,"165":0,"166":0,"167":0,"168":0,"169":0,"170":0,"171":0,"172":0,"173":0,"174":0,"175":0,"176":0,"177":0,"178":0,"179":0,"180":0,"181":0,"182":0,"183":0,"184":0,"185":0,"186":0,"187":0,"188":0,"189":0,"190":0,"191":0,"192":0,"193":0,"194":0,"195":0,"196":0,"197":0,"198":0,"199":0,"200":0,"201":0,"202":0,"203":0,"204":0,"205":0,"206":0,"207":0,"208":0,"209":0,"210":0,"211":0,"212":0,"213":0,"214":0,"215":0,"216":0,"217":0,"218":0,"219":0,"220":0,"221":0,"222":0,"223":0,"224":0,"225":0,"226":0,"227":0,"228":0,"229":0,"230":0,"231":0,"232":0,"233":0,"234":0,"235":0,"236":0,"237":0,"238":0,"239":0,"240":0,"241":0,"242":0,"243":0,"244":0,"245":0,"246":0,"247":0,"248":0,"249":0,"250":0,"251":0,"252":0,"253":0,"254":0,"255":0,"256":0,"257":0,"258":0,"259":0,"260":0,"261":0,"262":0,"263":0,"264":0,"265":0,"266":0,"267":0,"268":0,"269":0,"270":0,"271":0,"272":0,"273":0,"274":0,"275":0,"276":0,"277":0,"278":0,"279":0,"280":0,"281":0,"282":0,"283":0,"284":0,"285":1,"286":0,"287":0},"b":{"1":[0,0],"2":[0,0],"3":[0,0],"4":[0,0],"5":[0,0],"6":[0,0],"7":[0,0],"8":[0,0],"9":[0,0],"10":[0,0],"11":[0,0],"12":[0,0],"13":[0,0],"14":[0,0,0,0,0,0,0,0,0,0,0],"15":[0,0],"16":[0,0],"17":[0,0],"18":[0,0],"19":[0,0],"20":[0,0],"21":[0,0],"22":[0,0],"23":[0,0],"24":[0,0],"25":[0,0],"26":[0,0],"27":[0,0],"28":[0,0],"29":[0,0],"30":[0,0],"31":[0,0],"32":[0,0]},"f":{"1":0,"2":0,"3":0,"4":0,"5":0,"6":0,"7":0,"8":0,"9":0,"10":0,"11":0,"12":0,"13":0,"14":0,"15":0,"16":0,"17":0,"18":0,"19":0,"20":0,"21":0,"22":0,"23":0,"24":0,"25":0,"26":0,"27":0,"28":0,"29":0,"30":0,"31":0,"32":0,"33":0,"34":0,"35":0,"36":0,"37":0,"38":0,"39":0,"40":0,"41":0},"fnMap":{"1":{"name":"(anonymous_1)","line":3,"loc":{"start":{"line":3,"column":17},"end":{"line":3,"column":38}}},"2":{"name":"ServerPlatform","line":10,"loc":{"start":{"line":10,"column":0},"end":{"line":10,"column":37}}},"3":{"name":"(anonymous_3)","line":80,"loc":{"start":{"line":80,"column":18},"end":{"line":80,"column":29}}},"4":{"name":"(anonymous_4)","line":104,"loc":{"start":{"line":104,"column":18},"end":{"line":104,"column":29}}},"5":{"name":"(anonymous_5)","line":115,"loc":{"start":{"line":115,"column":18},"end":{"line":115,"column":29}}},"6":{"name":"stripEscapeCodes","line":124,"loc":{"start":{"line":124,"column":4},"end":{"line":124,"column":37}}},"7":{"name":"executeBash","line":150,"loc":{"start":{"line":150,"column":4},"end":{"line":150,"column":30}}},"8":{"name":"(anonymous_8)","line":152,"loc":{"start":{"line":152,"column":18},"end":{"line":152,"column":50}}},"9":{"name":"(anonymous_9)","line":154,"loc":{"start":{"line":154,"column":108},"end":{"line":154,"column":130}}},"10":{"name":"getInstalledPlugins","line":162,"loc":{"start":{"line":162,"column":4},"end":{"line":162,"column":38}}},"11":{"name":"(anonymous_11)","line":164,"loc":{"start":{"line":164,"column":95},"end":{"line":164,"column":117}}},"12":{"name":"getJSON","line":178,"loc":{"start":{"line":178,"column":4},"end":{"line":178,"column":40}}},"13":{"name":"(anonymous_13)","line":180,"loc":{"start":{"line":180,"column":40},"end":{"line":180,"column":54}}},"14":{"name":"(anonymous_14)","line":183,"loc":{"start":{"line":183,"column":27},"end":{"line":183,"column":43}}},"15":{"name":"(anonymous_15)","line":186,"loc":{"start":{"line":186,"column":26},"end":{"line":186,"column":37}}},"16":{"name":"(anonymous_16)","line":191,"loc":{"start":{"line":191,"column":24},"end":{"line":191,"column":38}}},"17":{"name":"getPluginsFromNPMS","line":197,"loc":{"start":{"line":197,"column":4},"end":{"line":197,"column":45}}},"18":{"name":"(anonymous_18)","line":207,"loc":{"start":{"line":207,"column":25},"end":{"line":207,"column":54}}},"19":{"name":"prepareConfig","line":212,"loc":{"start":{"line":212,"column":4},"end":{"line":212,"column":29}}},"20":{"name":"printPluginPage","line":255,"loc":{"start":{"line":255,"column":4},"end":{"line":255,"column":42}}},"21":{"name":"(anonymous_21)","line":265,"loc":{"start":{"line":265,"column":31},"end":{"line":265,"column":43}}},"22":{"name":"printAddPage","line":283,"loc":{"start":{"line":283,"column":4},"end":{"line":283,"column":54}}},"23":{"name":"printMainPage","line":310,"loc":{"start":{"line":310,"column":4},"end":{"line":310,"column":32}}},"24":{"name":"reloadConfig","line":338,"loc":{"start":{"line":338,"column":4},"end":{"line":338,"column":31}}},"25":{"name":"saveConfig","line":344,"loc":{"start":{"line":344,"column":4},"end":{"line":344,"column":37}}},"26":{"name":"(anonymous_26)","line":354,"loc":{"start":{"line":354,"column":86},"end":{"line":354,"column":106}}},"27":{"name":"handleRequest","line":370,"loc":{"start":{"line":370,"column":4},"end":{"line":370,"column":37}}},"28":{"name":"(anonymous_28)","line":378,"loc":{"start":{"line":378,"column":35},"end":{"line":378,"column":51}}},"29":{"name":"(anonymous_29)","line":387,"loc":{"start":{"line":387,"column":34},"end":{"line":387,"column":50}}},"30":{"name":"(anonymous_30)","line":395,"loc":{"start":{"line":395,"column":35},"end":{"line":395,"column":51}}},"31":{"name":"(anonymous_31)","line":405,"loc":{"start":{"line":405,"column":34},"end":{"line":405,"column":50}}},"32":{"name":"(anonymous_32)","line":418,"loc":{"start":{"line":418,"column":35},"end":{"line":418,"column":51}}},"33":{"name":"(anonymous_33)","line":436,"loc":{"start":{"line":436,"column":34},"end":{"line":436,"column":50}}},"34":{"name":"(anonymous_34)","line":443,"loc":{"start":{"line":443,"column":35},"end":{"line":443,"column":51}}},"35":{"name":"(anonymous_35)","line":462,"loc":{"start":{"line":462,"column":34},"end":{"line":462,"column":50}}},"36":{"name":"(anonymous_36)","line":474,"loc":{"start":{"line":474,"column":32},"end":{"line":474,"column":64}}},"37":{"name":"(anonymous_37)","line":485,"loc":{"start":{"line":485,"column":55},"end":{"line":485,"column":74}}},"38":{"name":"(anonymous_38)","line":532,"loc":{"start":{"line":532,"column":31},"end":{"line":532,"column":42}}},"39":{"name":"(anonymous_39)","line":536,"loc":{"start":{"line":536,"column":34},"end":{"line":536,"column":52}}},"40":{"name":"(anonymous_40)","line":537,"loc":{"start":{"line":537,"column":31},"end":{"line":537,"column":48}}},"41":{"name":"(anonymous_41)","line":547,"loc":{"start":{"line":547,"column":39},"end":{"line":547,"column":58}}}},"statementMap":{"1":{"start":{"line":1,"column":0},"end":{"line":1,"column":55}},"2":{"start":{"line":3,"column":0},"end":{"line":8,"column":1}},"3":{"start":{"line":4,"column":4},"end":{"line":4,"column":37}},"4":{"start":{"line":5,"column":4},"end":{"line":5,"column":51}},"5":{"start":{"line":6,"column":4},"end":{"line":6,"column":31}},"6":{"start":{"line":7,"column":4},"end":{"line":7,"column":79}},"7":{"start":{"line":10,"column":0},"end":{"line":545,"column":1}},"8":{"start":{"line":11,"column":4},"end":{"line":11,"column":27}},"9":{"start":{"line":12,"column":4},"end":{"line":12,"column":31}},"10":{"start":{"line":15,"column":4},"end":{"line":15,"column":62}},"11":{"start":{"line":17,"column":4},"end":{"line":17,"column":27}},"12":{"start":{"line":18,"column":4},"end":{"line":18,"column":23}},"13":{"start":{"line":20,"column":4},"end":{"line":20,"column":29}},"14":{"start":{"line":21,"column":4},"end":{"line":21,"column":25}},"15":{"start":{"line":23,"column":4},"end":{"line":23,"column":30}},"16":{"start":{"line":30,"column":4},"end":{"line":32,"column":5}},"17":{"start":{"line":33,"column":4},"end":{"line":33,"column":122}},"18":{"start":{"line":34,"column":4},"end":{"line":70,"column":17}},"19":{"start":{"line":71,"column":4},"end":{"line":71,"column":219}},"20":{"start":{"line":72,"column":4},"end":{"line":72,"column":261}},"21":{"start":{"line":73,"column":4},"end":{"line":79,"column":18}},"22":{"start":{"line":80,"column":4},"end":{"line":102,"column":56}},"23":{"start":{"line":104,"column":4},"end":{"line":112,"column":56}},"24":{"start":{"line":115,"column":4},"end":{"line":117,"column":56}},"25":{"start":{"line":120,"column":4},"end":{"line":120,"column":19}},"26":{"start":{"line":121,"column":4},"end":{"line":121,"column":23}},"27":{"start":{"line":122,"column":4},"end":{"line":122,"column":18}},"28":{"start":{"line":124,"column":4},"end":{"line":145,"column":5}},"29":{"start":{"line":125,"column":8},"end":{"line":143,"column":35}},"30":{"start":{"line":144,"column":8},"end":{"line":144,"column":28}},"31":{"start":{"line":147,"column":4},"end":{"line":147,"column":31}},"32":{"start":{"line":148,"column":4},"end":{"line":148,"column":33}},"33":{"start":{"line":150,"column":4},"end":{"line":160,"column":5}},"34":{"start":{"line":151,"column":8},"end":{"line":151,"column":49}},"35":{"start":{"line":152,"column":8},"end":{"line":159,"column":11}},"36":{"start":{"line":153,"column":12},"end":{"line":153,"column":37}},"37":{"start":{"line":154,"column":12},"end":{"line":158,"column":15}},"38":{"start":{"line":155,"column":16},"end":{"line":157,"column":17}},"39":{"start":{"line":156,"column":20},"end":{"line":156,"column":36}},"40":{"start":{"line":162,"column":4},"end":{"line":171,"column":5}},"41":{"start":{"line":163,"column":8},"end":{"line":163,"column":55}},"42":{"start":{"line":164,"column":8},"end":{"line":170,"column":11}},"43":{"start":{"line":165,"column":12},"end":{"line":169,"column":13}},"44":{"start":{"line":166,"column":16},"end":{"line":166,"column":32}},"45":{"start":{"line":168,"column":16},"end":{"line":168,"column":42}},"46":{"start":{"line":178,"column":4},"end":{"line":195,"column":5}},"47":{"start":{"line":179,"column":8},"end":{"line":179,"column":54}},"48":{"start":{"line":180,"column":8},"end":{"line":190,"column":11}},"49":{"start":{"line":181,"column":12},"end":{"line":181,"column":28}},"50":{"start":{"line":182,"column":12},"end":{"line":182,"column":36}},"51":{"start":{"line":183,"column":12},"end":{"line":185,"column":15}},"52":{"start":{"line":184,"column":16},"end":{"line":184,"column":32}},"53":{"start":{"line":186,"column":12},"end":{"line":189,"column":15}},"54":{"start":{"line":187,"column":16},"end":{"line":187,"column":45}},"55":{"start":{"line":188,"column":16},"end":{"line":188,"column":46}},"56":{"start":{"line":191,"column":8},"end":{"line":193,"column":11}},"57":{"start":{"line":192,"column":12},"end":{"line":192,"column":41}},"58":{"start":{"line":194,"column":8},"end":{"line":194,"column":18}},"59":{"start":{"line":197,"column":4},"end":{"line":210,"column":5}},"60":{"start":{"line":198,"column":8},"end":{"line":206,"column":10}},"61":{"start":{"line":207,"column":8},"end":{"line":209,"column":11}},"62":{"start":{"line":208,"column":12},"end":{"line":208,"column":41}},"63":{"start":{"line":212,"column":4},"end":{"line":253,"column":5}},"64":{"start":{"line":213,"column":8},"end":{"line":213,"column":192}},"65":{"start":{"line":214,"column":8},"end":{"line":214,"column":202}},"66":{"start":{"line":215,"column":8},"end":{"line":215,"column":177}},"67":{"start":{"line":217,"column":8},"end":{"line":217,"column":86}},"68":{"start":{"line":218,"column":8},"end":{"line":218,"column":23}},"69":{"start":{"line":219,"column":8},"end":{"line":219,"column":92}},"70":{"start":{"line":220,"column":8},"end":{"line":220,"column":25}},"71":{"start":{"line":222,"column":8},"end":{"line":222,"column":39}},"72":{"start":{"line":223,"column":8},"end":{"line":223,"column":29}},"73":{"start":{"line":224,"column":8},"end":{"line":224,"column":42}},"74":{"start":{"line":226,"column":8},"end":{"line":238,"column":9}},"75":{"start":{"line":227,"column":12},"end":{"line":227,"column":94}},"76":{"start":{"line":228,"column":12},"end":{"line":228,"column":49}},"77":{"start":{"line":229,"column":12},"end":{"line":229,"column":45}},"78":{"start":{"line":230,"column":12},"end":{"line":230,"column":54}},"79":{"start":{"line":231,"column":12},"end":{"line":237,"column":25}},"80":{"start":{"line":240,"column":8},"end":{"line":252,"column":9}},"81":{"start":{"line":241,"column":12},"end":{"line":241,"column":98}},"82":{"start":{"line":242,"column":12},"end":{"line":242,"column":51}},"83":{"start":{"line":243,"column":12},"end":{"line":243,"column":46}},"84":{"start":{"line":244,"column":12},"end":{"line":244,"column":58}},"85":{"start":{"line":245,"column":12},"end":{"line":251,"column":25}},"86":{"start":{"line":255,"column":4},"end":{"line":281,"column":5}},"87":{"start":{"line":256,"column":8},"end":{"line":256,"column":35}},"88":{"start":{"line":257,"column":8},"end":{"line":257,"column":45}},"89":{"start":{"line":258,"column":8},"end":{"line":258,"column":38}},"90":{"start":{"line":259,"column":8},"end":{"line":259,"column":119}},"91":{"start":{"line":260,"column":8},"end":{"line":260,"column":133}},"92":{"start":{"line":261,"column":8},"end":{"line":261,"column":154}},"93":{"start":{"line":262,"column":8},"end":{"line":262,"column":35}},"94":{"start":{"line":264,"column":8},"end":{"line":264,"column":25}},"95":{"start":{"line":265,"column":8},"end":{"line":277,"column":11}},"96":{"start":{"line":266,"column":12},"end":{"line":270,"column":59}},"97":{"start":{"line":271,"column":12},"end":{"line":275,"column":13}},"98":{"start":{"line":272,"column":16},"end":{"line":272,"column":248}},"99":{"start":{"line":274,"column":16},"end":{"line":274,"column":272}},"100":{"start":{"line":276,"column":12},"end":{"line":276,"column":32}},"101":{"start":{"line":278,"column":8},"end":{"line":278,"column":45}},"102":{"start":{"line":279,"column":8},"end":{"line":279,"column":28}},"103":{"start":{"line":280,"column":8},"end":{"line":280,"column":24}},"104":{"start":{"line":283,"column":4},"end":{"line":308,"column":5}},"105":{"start":{"line":284,"column":8},"end":{"line":284,"column":35}},"106":{"start":{"line":285,"column":8},"end":{"line":285,"column":45}},"107":{"start":{"line":287,"column":8},"end":{"line":289,"column":9}},"108":{"start":{"line":288,"column":12},"end":{"line":288,"column":39}},"109":{"start":{"line":291,"column":8},"end":{"line":291,"column":47}},"110":{"start":{"line":293,"column":8},"end":{"line":293,"column":120}},"111":{"start":{"line":294,"column":8},"end":{"line":294,"column":165}},"112":{"start":{"line":295,"column":8},"end":{"line":295,"column":26}},"113":{"start":{"line":296,"column":8},"end":{"line":296,"column":39}},"114":{"start":{"line":297,"column":8},"end":{"line":297,"column":123}},"115":{"start":{"line":298,"column":8},"end":{"line":298,"column":67}},"116":{"start":{"line":299,"column":8},"end":{"line":299,"column":134}},"117":{"start":{"line":300,"column":8},"end":{"line":300,"column":147}},"118":{"start":{"line":301,"column":8},"end":{"line":301,"column":28}},"119":{"start":{"line":302,"column":8},"end":{"line":302,"column":28}},"120":{"start":{"line":303,"column":8},"end":{"line":303,"column":29}},"121":{"start":{"line":305,"column":8},"end":{"line":305,"column":26}},"122":{"start":{"line":306,"column":8},"end":{"line":306,"column":28}},"123":{"start":{"line":307,"column":8},"end":{"line":307,"column":24}},"124":{"start":{"line":310,"column":4},"end":{"line":336,"column":5}},"125":{"start":{"line":311,"column":8},"end":{"line":311,"column":35}},"126":{"start":{"line":312,"column":8},"end":{"line":312,"column":45}},"127":{"start":{"line":313,"column":8},"end":{"line":313,"column":114}},"128":{"start":{"line":314,"column":8},"end":{"line":314,"column":59}},"129":{"start":{"line":315,"column":8},"end":{"line":315,"column":115}},"130":{"start":{"line":316,"column":8},"end":{"line":316,"column":29}},"131":{"start":{"line":318,"column":8},"end":{"line":318,"column":40}},"132":{"start":{"line":319,"column":8},"end":{"line":323,"column":9}},"133":{"start":{"line":320,"column":12},"end":{"line":320,"column":51}},"134":{"start":{"line":322,"column":12},"end":{"line":322,"column":63}},"135":{"start":{"line":324,"column":8},"end":{"line":324,"column":132}},"136":{"start":{"line":326,"column":8},"end":{"line":326,"column":42}},"137":{"start":{"line":327,"column":8},"end":{"line":331,"column":9}},"138":{"start":{"line":328,"column":12},"end":{"line":328,"column":53}},"139":{"start":{"line":330,"column":12},"end":{"line":330,"column":65}},"140":{"start":{"line":332,"column":8},"end":{"line":332,"column":134}},"141":{"start":{"line":334,"column":8},"end":{"line":334,"column":28}},"142":{"start":{"line":335,"column":8},"end":{"line":335,"column":24}},"143":{"start":{"line":338,"column":4},"end":{"line":342,"column":5}},"144":{"start":{"line":339,"column":8},"end":{"line":339,"column":62}},"145":{"start":{"line":340,"column":8},"end":{"line":340,"column":24}},"146":{"start":{"line":341,"column":8},"end":{"line":341,"column":27}},"147":{"start":{"line":344,"column":4},"end":{"line":367,"column":5}},"148":{"start":{"line":345,"column":8},"end":{"line":351,"column":34}},"149":{"start":{"line":352,"column":8},"end":{"line":352,"column":67}},"150":{"start":{"line":353,"column":8},"end":{"line":366,"column":9}},"151":{"start":{"line":354,"column":12},"end":{"line":361,"column":15}},"152":{"start":{"line":355,"column":16},"end":{"line":357,"column":17}},"153":{"start":{"line":356,"column":20},"end":{"line":356,"column":36}},"154":{"start":{"line":358,"column":16},"end":{"line":358,"column":43}},"155":{"start":{"line":359,"column":16},"end":{"line":359,"column":204}},"156":{"start":{"line":360,"column":16},"end":{"line":360,"column":32}},"157":{"start":{"line":363,"column":12},"end":{"line":363,"column":39}},"158":{"start":{"line":364,"column":12},"end":{"line":364,"column":226}},"159":{"start":{"line":365,"column":12},"end":{"line":365,"column":96}},"160":{"start":{"line":370,"column":4},"end":{"line":527,"column":5}},"161":{"start":{"line":371,"column":8},"end":{"line":526,"column":9}},"162":{"start":{"line":373,"column":16},"end":{"line":373,"column":32}},"163":{"start":{"line":374,"column":16},"end":{"line":374,"column":35}},"164":{"start":{"line":375,"column":16},"end":{"line":375,"column":22}},"165":{"start":{"line":377,"column":16},"end":{"line":391,"column":17}},"166":{"start":{"line":378,"column":20},"end":{"line":386,"column":23}},"167":{"start":{"line":379,"column":24},"end":{"line":379,"column":95}},"168":{"start":{"line":380,"column":24},"end":{"line":385,"column":25}},"169":{"start":{"line":381,"column":28},"end":{"line":381,"column":53}},"170":{"start":{"line":382,"column":28},"end":{"line":382,"column":66}},"171":{"start":{"line":384,"column":28},"end":{"line":384,"column":36}},"172":{"start":{"line":387,"column":20},"end":{"line":387,"column":54}},"173":{"start":{"line":389,"column":20},"end":{"line":389,"column":45}},"174":{"start":{"line":390,"column":20},"end":{"line":390,"column":44}},"175":{"start":{"line":392,"column":16},"end":{"line":392,"column":22}},"176":{"start":{"line":394,"column":16},"end":{"line":408,"column":17}},"177":{"start":{"line":395,"column":20},"end":{"line":404,"column":23}},"178":{"start":{"line":396,"column":24},"end":{"line":396,"column":60}},"179":{"start":{"line":397,"column":24},"end":{"line":397,"column":67}},"180":{"start":{"line":398,"column":24},"end":{"line":398,"column":58}},"181":{"start":{"line":399,"column":24},"end":{"line":399,"column":101}},"182":{"start":{"line":400,"column":24},"end":{"line":400,"column":113}},"183":{"start":{"line":401,"column":24},"end":{"line":401,"column":81}},"184":{"start":{"line":402,"column":24},"end":{"line":402,"column":40}},"185":{"start":{"line":403,"column":24},"end":{"line":403,"column":54}},"186":{"start":{"line":405,"column":20},"end":{"line":405,"column":54}},"187":{"start":{"line":407,"column":20},"end":{"line":407,"column":66}},"188":{"start":{"line":409,"column":16},"end":{"line":409,"column":22}},"189":{"start":{"line":411,"column":16},"end":{"line":411,"column":46}},"190":{"start":{"line":412,"column":16},"end":{"line":412,"column":22}},"191":{"start":{"line":414,"column":16},"end":{"line":414,"column":47}},"192":{"start":{"line":415,"column":16},"end":{"line":415,"column":22}},"193":{"start":{"line":417,"column":16},"end":{"line":439,"column":17}},"194":{"start":{"line":418,"column":20},"end":{"line":435,"column":23}},"195":{"start":{"line":419,"column":24},"end":{"line":419,"column":97}},"196":{"start":{"line":420,"column":24},"end":{"line":434,"column":25}},"197":{"start":{"line":421,"column":28},"end":{"line":423,"column":29}},"198":{"start":{"line":422,"column":30},"end":{"line":422,"column":59}},"199":{"start":{"line":424,"column":28},"end":{"line":424,"column":80}},"200":{"start":{"line":425,"column":28},"end":{"line":427,"column":29}},"201":{"start":{"line":426,"column":32},"end":{"line":426,"column":123}},"202":{"start":{"line":428,"column":28},"end":{"line":428,"column":44}},"203":{"start":{"line":429,"column":28},"end":{"line":429,"column":89}},"204":{"start":{"line":431,"column":28},"end":{"line":431,"column":55}},"205":{"start":{"line":432,"column":28},"end":{"line":432,"column":206}},"206":{"start":{"line":433,"column":28},"end":{"line":433,"column":95}},"207":{"start":{"line":436,"column":20},"end":{"line":436,"column":54}},"208":{"start":{"line":438,"column":20},"end":{"line":438,"column":66}},"209":{"start":{"line":440,"column":16},"end":{"line":440,"column":22}},"210":{"start":{"line":442,"column":16},"end":{"line":465,"column":17}},"211":{"start":{"line":443,"column":20},"end":{"line":461,"column":23}},"212":{"start":{"line":444,"column":24},"end":{"line":444,"column":98}},"213":{"start":{"line":445,"column":24},"end":{"line":460,"column":25}},"214":{"start":{"line":446,"column":28},"end":{"line":448,"column":29}},"215":{"start":{"line":447,"column":30},"end":{"line":447,"column":61}},"216":{"start":{"line":449,"column":28},"end":{"line":449,"column":68}},"217":{"start":{"line":450,"column":28},"end":{"line":450,"column":82}},"218":{"start":{"line":451,"column":28},"end":{"line":453,"column":29}},"219":{"start":{"line":452,"column":32},"end":{"line":452,"column":127}},"220":{"start":{"line":454,"column":28},"end":{"line":454,"column":44}},"221":{"start":{"line":455,"column":28},"end":{"line":455,"column":90}},"222":{"start":{"line":457,"column":28},"end":{"line":457,"column":55}},"223":{"start":{"line":458,"column":28},"end":{"line":458,"column":207}},"224":{"start":{"line":459,"column":28},"end":{"line":459,"column":96}},"225":{"start":{"line":462,"column":20},"end":{"line":462,"column":54}},"226":{"start":{"line":464,"column":20},"end":{"line":464,"column":66}},"227":{"start":{"line":466,"column":16},"end":{"line":466,"column":22}},"228":{"start":{"line":468,"column":16},"end":{"line":468,"column":38}},"229":{"start":{"line":469,"column":16},"end":{"line":469,"column":22}},"230":{"start":{"line":471,"column":16},"end":{"line":496,"column":17}},"231":{"start":{"line":472,"column":22},"end":{"line":472,"column":63}},"232":{"start":{"line":473,"column":22},"end":{"line":473,"column":88}},"233":{"start":{"line":474,"column":22},"end":{"line":482,"column":25}},"234":{"start":{"line":475,"column":26},"end":{"line":475,"column":51}},"235":{"start":{"line":476,"column":26},"end":{"line":476,"column":53}},"236":{"start":{"line":477,"column":26},"end":{"line":477,"column":63}},"237":{"start":{"line":478,"column":26},"end":{"line":478,"column":52}},"238":{"start":{"line":479,"column":26},"end":{"line":479,"column":104}},"239":{"start":{"line":480,"column":26},"end":{"line":480,"column":46}},"240":{"start":{"line":481,"column":26},"end":{"line":481,"column":42}},"241":{"start":{"line":484,"column":18},"end":{"line":484,"column":46}},"242":{"start":{"line":485,"column":18},"end":{"line":495,"column":21}},"243":{"start":{"line":486,"column":22},"end":{"line":488,"column":23}},"244":{"start":{"line":487,"column":26},"end":{"line":487,"column":42}},"245":{"start":{"line":489,"column":22},"end":{"line":489,"column":49}},"246":{"start":{"line":490,"column":22},"end":{"line":490,"column":59}},"247":{"start":{"line":491,"column":22},"end":{"line":491,"column":48}},"248":{"start":{"line":492,"column":22},"end":{"line":492,"column":97}},"249":{"start":{"line":493,"column":22},"end":{"line":493,"column":42}},"250":{"start":{"line":494,"column":22},"end":{"line":494,"column":38}},"251":{"start":{"line":497,"column":16},"end":{"line":497,"column":22}},"252":{"start":{"line":499,"column":16},"end":{"line":499,"column":107}},"253":{"start":{"line":500,"column":16},"end":{"line":500,"column":22}},"254":{"start":{"line":502,"column":16},"end":{"line":502,"column":30}},"255":{"start":{"line":503,"column":16},"end":{"line":525,"column":17}},"256":{"start":{"line":504,"column":20},"end":{"line":504,"column":56}},"257":{"start":{"line":505,"column":20},"end":{"line":513,"column":21}},"258":{"start":{"line":506,"column":24},"end":{"line":506,"column":66}},"259":{"start":{"line":507,"column":24},"end":{"line":507,"column":62}},"260":{"start":{"line":508,"column":24},"end":{"line":508,"column":66}},"261":{"start":{"line":509,"column":27},"end":{"line":513,"column":21}},"262":{"start":{"line":510,"column":24},"end":{"line":510,"column":68}},"263":{"start":{"line":511,"column":24},"end":{"line":511,"column":65}},"264":{"start":{"line":512,"column":24},"end":{"line":512,"column":68}},"265":{"start":{"line":514,"column":20},"end":{"line":514,"column":36}},"266":{"start":{"line":515,"column":23},"end":{"line":525,"column":17}},"267":{"start":{"line":516,"column":20},"end":{"line":516,"column":88}},"268":{"start":{"line":517,"column":20},"end":{"line":517,"column":45}},"269":{"start":{"line":518,"column":20},"end":{"line":518,"column":44}},"270":{"start":{"line":519,"column":20},"end":{"line":519,"column":26}},"271":{"start":{"line":520,"column":23},"end":{"line":525,"column":17}},"272":{"start":{"line":521,"column":20},"end":{"line":521,"column":92}},"273":{"start":{"line":522,"column":20},"end":{"line":522,"column":45}},"274":{"start":{"line":523,"column":20},"end":{"line":523,"column":44}},"275":{"start":{"line":524,"column":20},"end":{"line":524,"column":26}},"276":{"start":{"line":530,"column":4},"end":{"line":530,"column":50}},"277":{"start":{"line":532,"column":4},"end":{"line":544,"column":7}},"278":{"start":{"line":533,"column":6},"end":{"line":533,"column":29}},"279":{"start":{"line":534,"column":6},"end":{"line":534,"column":42}},"280":{"start":{"line":536,"column":6},"end":{"line":543,"column":9}},"281":{"start":{"line":537,"column":8},"end":{"line":542,"column":11}},"282":{"start":{"line":538,"column":10},"end":{"line":540,"column":11}},"283":{"start":{"line":539,"column":12},"end":{"line":539,"column":19}},"284":{"start":{"line":541,"column":10},"end":{"line":541,"column":75}},"285":{"start":{"line":547,"column":0},"end":{"line":550,"column":1}},"286":{"start":{"line":548,"column":4},"end":{"line":548,"column":26}},"287":{"start":{"line":549,"column":4},"end":{"line":549,"column":31}}},"branchMap":{"1":{"line":155,"type":"if","locations":[{"start":{"line":155,"column":16},"end":{"line":155,"column":16}},{"start":{"line":155,"column":16},"end":{"line":155,"column":16}}]},"2":{"line":165,"type":"if","locations":[{"start":{"line":165,"column":12},"end":{"line":165,"column":12}},{"start":{"line":165,"column":12},"end":{"line":165,"column":12}}]},"3":{"line":179,"type":"cond-expr","locations":[{"start":{"line":179,"column":41},"end":{"line":179,"column":46}},{"start":{"line":179,"column":49},"end":{"line":179,"column":53}}]},"4":{"line":201,"type":"cond-expr","locations":[{"start":{"line":201,"column":70},"end":{"line":201,"column":72}},{"start":{"line":201,"column":75},"end":{"line":201,"column":87}}]},"5":{"line":201,"type":"binary-expr","locations":[{"start":{"line":201,"column":37},"end":{"line":201,"column":44}},{"start":{"line":201,"column":48},"end":{"line":201,"column":67}}]},"6":{"line":217,"type":"cond-expr","locations":[{"start":{"line":217,"column":60},"end":{"line":217,"column":80}},{"start":{"line":217,"column":83},"end":{"line":217,"column":85}}]},"7":{"line":219,"type":"cond-expr","locations":[{"start":{"line":219,"column":64},"end":{"line":219,"column":86}},{"start":{"line":219,"column":89},"end":{"line":219,"column":91}}]},"8":{"line":271,"type":"if","locations":[{"start":{"line":271,"column":12},"end":{"line":271,"column":12}},{"start":{"line":271,"column":12},"end":{"line":271,"column":12}}]},"9":{"line":287,"type":"if","locations":[{"start":{"line":287,"column":8},"end":{"line":287,"column":8}},{"start":{"line":287,"column":8},"end":{"line":287,"column":8}}]},"10":{"line":319,"type":"if","locations":[{"start":{"line":319,"column":8},"end":
[...]
lass='form-control' name='bridgePin' value='\" + configJSON.bridge.pin + \"'></div>\";","","        platformsJSON = configJSON.platforms != undefined ? configJSON.platforms : {};","        platforms = \"\";","        accessoriesJSON = configJSON.accessories != undefined ? configJSON.accessories : {};","        accessories = \"\";","","        const wastebasket = \"&#128465\";","        const pen = \"&#9997\";","        var symbolToPresent = wastebasket;","","        for (var id_platform in platformsJSON) {","            var platformNoTypeNoName = JSON.parse(JSON.stringify(platformsJSON[id_platform]));","            delete platformNoTypeNoName.platform;","            delete platformNoTypeNoName.name;","            var platform = platformsJSON[id_platform];","            platforms = platforms +","                \"<div class='row content'>\" +","                \"<div>\" + platform.platform + \"</div>\" +","                \"<div>\" + platform.name + \"</div>\" +","                \"<div><pre>\" + (JSON.stringify(platformNoTypeNoName, null, ' ')) + \"</pre></div>\" +","                \"<div><a href='/removePlatform\" + id_platform + \"' class='btn btn-default center-block' style='outline:none !important;'><span style='font-size:25px;'>\" + symbolToPresent + \";</span></a></div>\" +","                \"</div>\";","        }","","        for (var id_accessory in accessoriesJSON) {","            var accessoryNoTypeNoName = JSON.parse(JSON.stringify(accessoriesJSON[id_accessory]));","            delete accessoryNoTypeNoName.accessory;","            delete accessoryNoTypeNoName.name;","            var accessory = accessoriesJSON[id_accessory];","            accessories = accessories +","                \"<div class='row content'>\" +","                \"<div>\" + accessory.accessory + \"</div>\" +","                \"<div>\" + accessory.name + \"</div>\" +","                \"<div><pre>\" + (JSON.stringify(accessoryNoTypeNoName, null, ' ')) + \"</pre></div>\" +","                \"<div><a href='/removeAccessory\" + id_accessory + \"' class='btn btn-default center-block' style='outline:none !important;'><span style='font-size:25px;'>\" + symbolToPresent + \";</span></a></div>\" +","                \"</div>\";","        }","    }","","    function printPluginPage(res, result) {","        res.write(header + navBar);","        res.write(\"<div class='container'>\");","        res.write(\"<h2>Plugins</h2>\");","        res.write(\"<form enctype='application/x-www-form-urlencoded' action='/listInstallablePlugins' method='post'>\");","        res.write(\"<div class='input-group'><input type='text' class='form-control' name='searchQuery' placeholder='search' /><br>\");","        res.write(\"<span class='input-group-btn'><input type='submit' class='btn btn-default center-block' value='Filter' style='width:135px' /></span>\");","        res.write(\"</div></form>\");","","        var plugins = \"\";","        result.results.forEach(function(e) {","            plugins = plugins +","                \"<div class='row content plugins'>\" +","                \"<div>\" + \"<a href='\" + e.package.links.npm + \"'>\" + e.package.name + \"</a></div>\" +","                \"<div>\" + e.package.publisher.username + \"</div>\" +","                \"<div>\" + e.package.description + \"</div>\";","            if (installedPlugins.indexOf(e.package.name) > -1) {","                plugins += \"<div class='action'><a href='/uninstallPlugin=\" + e.package.name + \"' class='btn btn-danger center-block' style='height: 34px; line-height: 16px; vertical-align:middle;outline:none !important;'>\" + \"Uninstall</a></div>\";","            } else {","                plugins += \"<div class='action'><a href='/installPlugin=\" + e.package.name + \"' class='btn btn-success center-block' style='height: 34px; line-height: 16px; vertical-align:middle;outline:none !important;'>\" + \"Install v\" + e.package.version + \"</a></div>\";","            }","            plugins += \"</div>\";","        });","        res.write(table1 + plugins + table2);","        res.write(\"</div>\");","        res.end(footer);","    }","","    function printAddPage(res, type, additionalInput) {","        res.write(header + navBar);","        res.write(\"<div class='container'>\");","","        if (additionalInput != null) {","            res.write(additionalInput);","        }","","        res.write(\"<h2>Add \" + type + \"</h2>\");","","        res.write(\"<form enctype='application/x-www-form-urlencoded' action='/save\" + type + \"Settings' method='post'>\")","        res.write(\"<textarea class='form-control' type='text' name='\" + type + \"ToAdd' rows='10' placeholder='{ \\\"\" + type + \"\\\": \\\"test\\\" }' required></textarea>\");","        res.write(\"<br>\");","        res.write(\"<div class='row'>\");","        res.write(\"<div class='col-xs-offset-1 col-sm-offset-1 col-md-offset-2 col-xs-10 col-sm-9 col-md-8 text-center'>\");","        res.write(\"<div class='btn-group' data-toggle='buttons'>\");","        res.write(\"<input type='submit' class='btn btn-default center-block' value='Save' onClick='submit()' style='width:135px' />\");","        res.write(\"<input type='submit' class='btn btn-default center-block' value='Cancel' onClick=\\\"location.href='/'\\\" style='width:135px' />\");","        res.write(\"</div>\");","        res.write(\"</div>\");","        res.write(\"</form>\");","","        res.write(\"<br>\");","        res.write(\"</div>\");","        res.end(footer);","    }","","    function printMainPage(res) {","        res.write(header + navBar);","        res.write(\"<div class='container'>\");","        res.write(\"<form enctype='application/x-www-form-urlencoded' action='/saveBridgeSettings' method='post'>\")","        res.write(bridgeName + bridgeUsername + bridgePin);","        res.write(\"<input type='submit' class='btn btn-default center-block' style='width:135px' value='Save' />\");","        res.write(\"</form>\");","","        res.write(\"<h2>Platforms</h2>\");","        if (0 < Object.keys(platformsJSON).length) {","            res.write(table1 + platforms + table2);","        } else {","            res.write(\"No platforms installed or configured!\");","        }","        res.write(\"<a href='/addPlatform' name='AddPlatform' class='btn btn-default center-block' style='width:135px'>Add</a><br>\");","","        res.write(\"<h2>Accessories</h2>\");","        if (0 < Object.keys(accessoriesJSON).length) {","            res.write(table1 + accessories + table2);","        } else {","            res.write(\"No accessories installed or configured!\");","        }","        res.write(\"<a href='/addAccessory' name='AddAccessory' class='btn btn-default center-block' style='width:135px'>Add</a><br>\");","","        res.write(\"</div>\");","        res.end(footer);","    }","","    function reloadConfig(res) {","        configJSON = require(HomebridgeAPI.user.configPath());","        prepareConfig();","        printMainPage(res);","    }","","    function saveConfig(res, backup) {","        var newConfig = JSON.stringify(configJSON)","            .replace(/\\[,/g, '[')","            .replace(/,null/g, '')","            .replace(/null,/g, '')","            .replace(/null/g, '')","            .replace(/,,/g, ',')","            .replace(/,\\]/g, ']');","        newConfig = JSON.stringify(JSON.parse(newConfig), null, 4);","        if (backup != null) {","            fs.writeFile(HomebridgeAPI.user.configPath() + '.bak', newConfig, \"utf8\", function(err, data) {","                if (err) {","                    return log(err);","                }","                res.write(header + navBar);","                res.write(\"<div class='alert alert-success alert-dismissible fade in out'><a href='/' class='close' data-dismiss='success'>&times;</a><strong>Succes!</strong> Configuration saved!</div>\");","                res.end(footer);","            });","        } else {","            res.write(header + navBar);","            res.write(\"<div class='alert alert-danger alert-dismissible fade in out'><a href='/' class='close' data-dismiss='alert'>&times;</a><strong>Note!</strong> Please restart Homebridge to activate your changes.</div>\");","            fs.writeFile(HomebridgeAPI.user.configPath(), newConfig, \"utf8\", reloadConfig(res));","        }","    }","","    //We need a function which handles requests and send response","    function handleRequest(req, res) {","        switch (req.url) {","            case '/':","                prepareConfig();","                printMainPage(res);","                break;","            case '/listInstallablePlugins':","                if (req.method == 'POST') {","                    req.on('data', function(chunk) {","                        var receivedData = stripEscapeCodes(chunk).replace('searchQuery=', '');","                        try {","                            getInstalledPlugins(res);","                            getPluginsFromNPMS(res, receivedData);","                        } catch (ex) {","                            log(ex);","                        }","                    });","                    req.on('end', function(chunk) {});","                } else {","                    getInstalledPlugins(res);","                    getPluginsFromNPMS(res);","                }","                break;","            case '/saveBridgeSettings':","                if (req.method == 'POST') {","                    req.on('data', function(chunk) {","                        var receivedData = chunk.toString();","                        log(\"received body data: \" + receivedData);","                        var arr = receivedData.split(\"&\");","                        configJSON.bridge.name = stripEscapeCodes(arr[0].replace('bridgeName=', ''));","                        configJSON.bridge.username = arr[1].replace('bridgeUsername=', '').replace(/\\%3A/g, ':');","                        configJSON.bridge.pin = arr[2].replace('bridgePin=', '');","                        saveConfig(res);","                        log(\"Saved bridge settings.\");","                    });","                    req.on('end', function(chunk) {});","                } else {","                    log(\"[405] \" + req.method + \" to \" + req.url);","                }","                break;","            case '/addPlatform':","                printAddPage(res, \"Platform\");","                break;","            case '/addAccessory':","                printAddPage(res, \"Accessory\");","                break;","            case '/savePlatformSettings':","                if (req.method == 'POST') {","                    req.on('data', function(chunk) {","                        var receivedData = stripEscapeCodes(chunk).replace('PlatformToAdd=', '');","                        try {","                            if(configJSON.platforms == undefined) {","                              configJSON[\"platforms\"] = [];","                            }","                            configJSON.platforms.push(JSON.parse(receivedData));","                            if (configJSON.platforms.length == 1) {","                                configJSON.platforms = JSON.parse(JSON.stringify(configJSON.platforms).replace('[,', '['));","                            }","                            saveConfig(res);","                            log(\"Saved platform \" + JSON.parse(receivedData).name + \".\");","                        } catch (ex) {","                            res.write(header + navBar);","                            res.write(\"<div class='alert alert-danger alert-dismissible fade in out'><a href='/addPlatform' class='close' data-dismiss='alert'>&times;</a><strong>\" + ex + \"</strong></div>\");","                            printAddPage(res, \"Platform\", \"<code>\" + receivedData + \"</code>\");","                        }","                    });","                    req.on('end', function(chunk) {});","                } else {","                    log(\"[405] \" + req.method + \" to \" + req.url);","                }","                break;","            case '/saveAccessorySettings':","                if (req.method == 'POST') {","                    req.on('data', function(chunk) {","                        var receivedData = stripEscapeCodes(chunk).replace('AccessoryToAdd=', '');","                        try {","                            if(configJSON.accessories == undefined) {","                              configJSON[\"accessories\"] = [];","                            }","                            console.log(JSON.stringify(configJSON));","                            configJSON.accessories.push(JSON.parse(receivedData));","                            if (configJSON.accessories.length == 1) {","                                configJSON.accessories = JSON.parse(JSON.stringify(configJSON.accessories).replace('[,', '['));","                            }","                            saveConfig(res);","                            log(\"Saved accessory \" + JSON.parse(receivedData).name + \".\");","                        } catch (ex) {","                            res.write(header + navBar);","                            res.write(\"<div class='alert alert-danger alert-dismissible fade in out'><a href='/addAccessory' class='close' data-dismiss='alert'>&times;</a><strong>\" + ex + \"</strong></div>\");","                            printAddPage(res, \"Accessory\", \"<code>\" + receivedData + \"</code>\");","                        }","                    });","                    req.on('end', function(chunk) {});","                } else {","                    log(\"[405] \" + req.method + \" to \" + req.url);","                }","                break;","            case '/createBackup':","                saveConfig(res, true);","                break;","            case '/showLog':","                if (config.log == \"systemd\") {","                      var exec = require('child_process').exec;","                      var cmd = \"journalctl --no-pager -u homebridge --since yesterday\";","                      exec(cmd, function(error, stdout, stderr) {","                          log(\"Executing: \" + cmd);","                          res.write(header + navBar);","                          res.write(\"<div class='container'>\");","                          res.write(\"<h2>Log</h2>\");","                          res.write(\"<code>\" + stdout.replace(/(?:\\r\\n|\\r|\\n)/g, '<br />') + \"</code>\");","                          res.write(\"</div>\");","                          res.end(footer);","                      });","                } else {","                  var logFile = require('fs');","                  logFile.readFile(config.log, 'utf8', function(err, log) {","                      if (err) {","                          return log(err);","                      }","                      res.write(header + navBar);","                      res.write(\"<div class='container'>\");","                      res.write(\"<h2>Log</h2>\");","                      res.write(\"<code>\" + log.replace(/(?:\\r\\n|\\r|\\n)/g, '<br />') + \"</code>\");","                      res.write(\"</div>\");","                      res.end(footer);","                  });","                }","                break;","            case '/restart':","                executeBash(config.restart != undefined ? config.restart : \"echo 'No command specified!'\");","                break;","            default:","                url = req.url;","                if (url.indexOf('/remove') !== -1) {","                    object = url.replace('/remove', '');","                    if (object.indexOf('Platform') !== -1) {","                        platform = object.replace('Platform', '');","                        delete configJSON.platforms[platform];","                        log(\"Removed platform \" + platform + \".\");","                    } else if (object.indexOf('Accessory') !== -1) {","                        accessory = object.replace('Accessory', '');","                        delete configJSON.accessories[accessory];","                        log(\"Removed accessory \" + accessory + \".\");","                    }","                    saveConfig(res);","                } else if (url.indexOf('/installPlugin=') !== -1) {","                    executeBash(\"npm install -g \" + url.replace('/installPlugin=', ''));","                    getInstalledPlugins(res);","                    getPluginsFromNPMS(res);","                    break;","                } else if (url.indexOf('/uninstallPlugin=') !== -1) {","                    executeBash(\"npm uninstall -g \" + url.replace('/uninstallPlugin=', ''));","                    getInstalledPlugins(res);","                    getPluginsFromNPMS(res);","                    break;","                }","        };","    }","","    // Launches the webserver and transmits the website by concatenating the precreated markup","    var server = http.createServer(handleRequest);","","    server.listen(config.port, function() {","      var os = require('os');","      var ifaces = os.networkInterfaces();","","      Object.keys(ifaces).forEach(function (ifname) {","        ifaces[ifname].forEach(function (iface) {","          if ('IPv4' !== iface.family || iface.internal !== false) {","            return;","          }","          log(\"is listening on: http://%s:%s\", iface.address, config.port);","        });","      });","    });","}","","ServerPlatform.prototype.accessories = function(callback) {","    this.accessories = [];","    callback(this.accessories);","}",""],"l":{"1":1,"3":1,"4":0,"5":0,"6":0,"7":0,"10":1,"11":0,"12":0,"15":0,"17":0,"18":0,"20":0,"21":0,"23":0,"30":0,"33":0,"34":0,"71":0,"72":0,"73":0,"80":0,"104":0,"115":0,"120":0,"121":0,"122":0,"124":1,"125":0,"144":0,"147":0,"148":0,"150":1,"151":0,"152":0,"153":0,"154":0,"155":0,"156":0,"162":1,"163":0,"164":0,"165":0,"166":0,"168":0,"178":1,"179":0,"180":0,"181":0,"182":0,"183":0,"184":0,"186":0,"187":0,"188":0,"191":0,"192":0,"194":0,"197":1,"198":0,"207":0,"208":0,"212":1,"213":0,"214":0,"215":0,"217":0,"218":0,"219":0,"220":0,"222":0,"223":0,"224":0,"226":0,"227":0,"228":0,"229":0,"230":0,"231":0,"240":0,"241":0,"242":0,"243":0,"244":0,"245":0,"255":1,"256":0,"257":0,"258":0,"259":0,"260":0,"261":0,"262":0,"264":0,"265":0,"266":0,"271":0,"272":0,"274":0,"276":0,"278":0,"279":0,"280":0,"283":1,"284":0,"285":0,"287":0,"288":0,"291":0,"293":0,"294":0,"295":0,"296":0,"297":0,"298":0,"299":0,"300":0,"301":0,"302":0,"303":0,"305":0,"306":0,"307":0,"310":1,"311":0,"312":0,"313":0,"314":0,"315":0,"316":0,"318":0,"319":0,"320":0,"322":0,"324":0,"326":0,"327":0,"328":0,"330":0,"332":0,"334":0,"335":0,"338":1,"339":0,"340":0,"341":0,"344":1,"345":0,"352":0,"353":0,"354":0,"355":0,"356":0,"358":0,"359":0,"360":0,"363":0,"364":0,"365":0,"370":1,"371":0,"373":0,"374":0,"375":0,"377":0,"378":0,"379":0,"380":0,"381":0,"382":0,"384":0,"387":0,"389":0,"390":0,"392":0,"394":0,"395":0,"396":0,"397":0,"398":0,"399":0,"400":0,"401":0,"402":0,"403":0,"405":0,"407":0,"409":0,"411":0,"412":0,"414":0,"415":0,"417":0,"418":0,"419":0,"420":0,"421":0,"422":0,"424":0,"425":0,"426":0,"428":0,"429":0,"431":0,"432":0,"433":0,"436":0,"438":0,"440":0,"442":0,"443":0,"444":0,"445":0,"446":0,"447":0,"449":0,"450":0,"451":0,"452":0,"454":0,"455":0,"457":0,"458":0,"459":0,"462":0,"464":0,"466":0,"468":0,"469":0,"471":0,"472":0,"473":0,"474":0,"475":0,"476":0,"477":0,"478":0,"479":0,"480":0,"481":0,"484":0,"485":0,"486":0,"487":0,"489":0,"490":0,"491":0,"492":0,"493":0,"494":0,"497":0,"499":0,"500":0,"502":0,"503":0,"504":0,"505":0,"506":0,"507":0,"508":0,"509":0,"510":0,"511":0,"512":0,"514":0,"515":0,"516":0,"517":0,"518":0,"519":0,"520":0,"521":0,"522":0,"523":0,"524":0,"530":0,"532":0,"533":0,"534":0,"536":0,"537":0,"538":0,"539":0,"541":0,"547":1,"548":0,"549":0}}}